Using pre-set license
Built from '2020.3/release' branch; Version is '2020.3.1f1 (77a89f25062f) revision 7841951'; Using compiler version '192528614'; Build Type 'Release'
OS: 'Windows 10 Pro; OS build 19042.782; Version 2009; 64bit' Language: 'ru' Physical Memory: 8023 MB
BatchMode: 1, IsHumanControllingUs: 0, StartBugReporterOnCrash: 0, Is64bit: 1, IsPro: 0

 COMMAND LINE ARGUMENTS:
C:\Program Files\Unity\Hub\Editor\2020.3.1f1\Editor\Unity.exe
-adb2
-batchMode
-noUpm
-name
AssetImportWorker3
-projectPath
C:/Users/den4i/UnityProjects/Item DropTest
-logFile
Logs/AssetImportWorker3.log
-srvPort
52901
Successfully changed project path to: C:/Users/den4i/UnityProjects/Item DropTest
C:/Users/den4i/UnityProjects/Item DropTest
Using Asset Import Pipeline V2.
Refreshing native plugins compatible for Editor in 142.99 ms, found 1 plugins.
Preloading 0 native plugins for Editor in 0.00 ms.
Initialize engine version: 2020.3.1f1 (77a89f25062f)
[Subsystems] Discovering subsystems at path C:/Program Files/Unity/Hub/Editor/2020.3.1f1/Editor/Data/Resources/UnitySubsystems
[Subsystems] Discovering subsystems at path C:/Users/den4i/UnityProjects/Item DropTest/Assets
GfxDevice: creating device client; threaded=0
Direct3D:
    Version:  Direct3D 11.0 [level 11.1]
    Renderer: Intel(R) UHD Graphics 605 (ID=0x3184)
    Vendor:   
    VRAM:     4011 MB
    Driver:   27.20.100.8681
Initialize mono
Mono path[0] = 'C:/Program Files/Unity/Hub/Editor/2020.3.1f1/Editor/Data/Managed'
Mono path[1] = 'C:/Program Files/Unity/Hub/Editor/2020.3.1f1/Editor/Data/MonoBleedingEdge/lib/mono/unityjit'
Mono config path = 'C:/Program Files/Unity/Hub/Editor/2020.3.1f1/Editor/Data/MonoBleedingEdge/etc'
Using monoOptions --debugger-agent=transport=dt_socket,embedding=1,server=y,suspend=n,address=127.0.0.1:56392
Begin MonoManager ReloadAssembly
Registering precompiled unity dll's ...
Register platform support module: C:/Program Files/Unity/Hub/Editor/2020.3.1f1/Editor/Data/PlaybackEngines/WebGLSupport/UnityEditor.WebGL.Extensions.dll
Register platform support module: C:/Program Files/Unity/Hub/Editor/2020.3.1f1/Editor/Data/PlaybackEngines/WindowsStandaloneSupport/UnityEditor.WindowsStandalone.Extensions.dll
Registered in 0.005463 seconds.
Native extension for WindowsStandalone target not found
Native extension for WebGL target not found
Refreshing native plugins compatible for Editor in 116.00 ms, found 1 plugins.
Preloading 0 native plugins for Editor in 0.00 ms.
Invoked RoslynAnalysisRunner static constructor.
RoslynAnalysisRunner will not be running.
RoslynAnalysisRunner has terminated.
Mono: successfully reloaded assembly
- Completed reload, in  5.848 seconds
Platform modules already initialized, skipping
Registering precompiled user dll's ...
Registered in 0.002527 seconds.
Begin MonoManager ReloadAssembly
Native extension for WindowsStandalone target not found
Native extension for WebGL target not found
Refreshing native plugins compatible for Editor in 125.42 ms, found 1 plugins.
Preloading 0 native plugins for Editor in 0.00 ms.
Invoked RoslynAnalysisRunner static constructor.
RoslynAnalysisRunner will not be running.
RoslynAnalysisRunner has terminated.
Mono: successfully reloaded assembly
- Completed reload, in  2.987 seconds
Platform modules already initialized, skipping
========================================================================
Worker process is ready to serve import requests
Launched and connected shader compiler UnityShaderCompiler.exe after 0.23 seconds
Refreshing native plugins compatible for Editor in 1.07 ms, found 1 plugins.
Preloading 0 native plugins for Editor in 0.00 ms.
Unloading 1808 Unused Serialized files (Serialized files now loaded: 0)
System memory in use before: 84.6 MB.
System memory in use after: 84.6 MB.

Unloading 24 unused Assets to reduce memory usage. Loaded Objects now: 2250.
Total: 5.066700 ms (FindLiveObjects: 0.579100 ms CreateObjectMapping: 0.108200 ms MarkObjects: 4.098300 ms  DeleteObjects: 0.278600 ms)

========================================================================
Received Import Request.
  path: Assets/Chest.cs
  artifactKey: Guid(5468651a588209748bdb8f691146e169) Importer(815301076,1909f56bfc062723c751e8b465ee728b)
Start importing Assets/Chest.cs using Guid(5468651a588209748bdb8f691146e169) Importer(815301076,1909f56bfc062723c751e8b465ee728b)  -> (artifact id: 'ac66b061ade2146265f5058d8eb4aa0f') in 0.062618 seconds
  Import took 0.070174 seconds .

========================================================================
Received Import Request.
  Time since last request: 0.231586 seconds.
  path: Assets/Chest.cs
  artifactKey: Guid(5468651a588209748bdb8f691146e169) Importer(815301076,1909f56bfc062723c751e8b465ee728b)
Start importing Assets/Chest.cs using Guid(5468651a588209748bdb8f691146e169) Importer(815301076,1909f56bfc062723c751e8b465ee728b)  -> (artifact id: 'ac66b061ade2146265f5058d8eb4aa0f') in 0.004433 seconds
  Import took 0.011074 seconds .

========================================================================
Received Prepare
Registering precompiled user dll's ...
Registered in 0.003054 seconds.
Begin MonoManager ReloadAssembly
Native extension for WindowsStandalone target not found
Native extension for WebGL target not found
Refreshing native plugins compatible for Editor in 1.37 ms, found 1 plugins.
Preloading 0 native plugins for Editor in 0.00 ms.
Invoked RoslynAnalysisRunner static constructor.
RoslynAnalysisRunner will not be running.
RoslynAnalysisRunner has terminated.
Mono: successfully reloaded assembly
- Completed reload, in  3.463 seconds
Platform modules already initialized, skipping
Refreshing native plugins compatible for Editor in 6.58 ms, found 1 plugins.
Preloading 0 native plugins for Editor in 0.00 ms.
Unloading 1803 Unused Serialized files (Serialized files now loaded: 0)
System memory in use before: 84.6 MB.
System memory in use after: 84.6 MB.

Unloading 12 unused Assets to reduce memory usage. Loaded Objects now: 2254.
Total: 7.595300 ms (FindLiveObjects: 0.721600 ms CreateObjectMapping: 0.221000 ms MarkObjects: 6.296600 ms  DeleteObjects: 0.351100 ms)

========================================================================
Received Prepare
Registering precompiled user dll's ...
Registered in 0.002539 seconds.
Begin MonoManager ReloadAssembly
Native extension for WindowsStandalone target not found
Native extension for WebGL target not found
Refreshing native plugins compatible for Editor in 1.36 ms, found 1 plugins.
Preloading 0 native plugins for Editor in 0.00 ms.
Invoked RoslynAnalysisRunner static constructor.
RoslynAnalysisRunner will not be running.
RoslynAnalysisRunner has terminated.
Mono: successfully reloaded assembly
- Completed reload, in  2.939 seconds
Platform modules already initialized, skipping
Refreshing native plugins compatible for Editor in 1.20 ms, found 1 plugins.
Preloading 0 native plugins for Editor in 0.00 ms.
Unloading 1803 Unused Serialized files (Serialized files now loaded: 0)
System memory in use before: 84.6 MB.
System memory in use after: 84.6 MB.

Unloading 12 unused Assets to reduce memory usage. Loaded Objects now: 2258.
Total: 5.576800 ms (FindLiveObjects: 0.583400 ms CreateObjectMapping: 0.148700 ms MarkObjects: 4.556200 ms  DeleteObjects: 0.286000 ms)

========================================================================
Received Import Request.
  Time since last request: 40.367462 seconds.
  path: Assets/Chest.cs
  artifactKey: Guid(5468651a588209748bdb8f691146e169) Importer(815301076,1909f56bfc062723c751e8b465ee728b)
Start importing Assets/Chest.cs using Guid(5468651a588209748bdb8f691146e169) Importer(815301076,1909f56bfc062723c751e8b465ee728b)  -> (artifact id: '3a23d3c36be83d1051ac64d32b47a107') in 0.011020 seconds
  Import took 0.129142 seconds .

========================================================================
Received Import Request.
  Time since last request: 0.169400 seconds.
  path: Assets/Chest.cs
  artifactKey: Guid(5468651a588209748bdb8f691146e169) Importer(815301076,1909f56bfc062723c751e8b465ee728b)
Start importing Assets/Chest.cs using Guid(5468651a588209748bdb8f691146e169) Importer(815301076,1909f56bfc062723c751e8b465ee728b)  -> (artifact id: '3a23d3c36be83d1051ac64d32b47a107') in 0.005359 seconds
  Import took 0.012924 seconds .

========================================================================
Received Prepare
Registering precompiled user dll's ...
Registered in 0.001866 seconds.
Begin MonoManager ReloadAssembly
Native extension for WindowsStandalone target not found
Native extension for WebGL target not found
Refreshing native plugins compatible for Editor in 1.13 ms, found 1 plugins.
Preloading 0 native plugins for Editor in 0.00 ms.
Invoked RoslynAnalysisRunner static constructor.
RoslynAnalysisRunner will not be running.
RoslynAnalysisRunner has terminated.
Mono: successfully reloaded assembly
- Completed reload, in  2.524 seconds
Platform modules already initialized, skipping
Refreshing native plugins compatible for Editor in 1.12 ms, found 1 plugins.
Preloading 0 native plugins for Editor in 0.00 ms.
Unloading 1803 Unused Serialized files (Serialized files now loaded: 0)
System memory in use before: 84.7 MB.
System memory in use after: 84.7 MB.

Unloading 12 unused Assets to reduce memory usage. Loaded Objects now: 2262.
Total: 4.748000 ms (FindLiveObjects: 0.626700 ms CreateObjectMapping: 0.105700 ms MarkObjects: 3.767500 ms  DeleteObjects: 0.246000 ms)

========================================================================
Received Import Request.
  Time since last request: 79.390932 seconds.
  path: Assets/Chest.cs
  artifactKey: Guid(5468651a588209748bdb8f691146e169) Importer(815301076,1909f56bfc062723c751e8b465ee728b)
Start importing Assets/Chest.cs using Guid(5468651a588209748bdb8f691146e169) Importer(815301076,1909f56bfc062723c751e8b465ee728b)  -> (artifact id: '0f64cbb21a0b9c3b6d28d37b1efecf10') in 0.008093 seconds
  Import took 0.027358 seconds .

========================================================================
Received Prepare
Registering precompiled user dll's ...
Registered in 0.002785 seconds.
Begin MonoManager ReloadAssembly
Native extension for WindowsStandalone target not found
Native extension for WebGL target not found
Refreshing native plugins compatible for Editor in 1.20 ms, found 1 plugins.
Preloading 0 native plugins for Editor in 0.00 ms.
Invoked RoslynAnalysisRunner static constructor.
RoslynAnalysisRunner will not be running.
RoslynAnalysisRunner has terminated.
Mono: successfully reloaded assembly
- Completed reload, in  3.208 seconds
Platform modules already initialized, skipping
Refreshing native plugins compatible for Editor in 1.26 ms, found 1 plugins.
Preloading 0 native plugins for Editor in 0.00 ms.
Unloading 1803 Unused Serialized files (Serialized files now loaded: 0)
System memory in use before: 84.7 MB.
System memory in use after: 84.7 MB.

Unloading 12 unused Assets to reduce memory usage. Loaded Objects now: 2266.
Total: 5.794400 ms (FindLiveObjects: 0.642300 ms CreateObjectMapping: 0.148800 ms MarkObjects: 4.699400 ms  DeleteObjects: 0.300700 ms)

========================================================================
Received Import Request.
  Time since last request: 107.660746 seconds.
  path: Assets/Chest.cs
  artifactKey: Guid(5468651a588209748bdb8f691146e169) Importer(815301076,1909f56bfc062723c751e8b465ee728b)
Start importing Assets/Chest.cs using Guid(5468651a588209748bdb8f691146e169) Importer(815301076,1909f56bfc062723c751e8b465ee728b)  -> (artifact id: '8cd27259850b289992597814164febcb') in 0.011354 seconds
  Import took 0.018750 seconds .

========================================================================
Received Import Request.
  Time since last request: 0.015904 seconds.
  path: Assets/Chest.cs
  artifactKey: Guid(5468651a588209748bdb8f691146e169) Importer(815301076,1909f56bfc062723c751e8b465ee728b)
Start importing Assets/Chest.cs using Guid(5468651a588209748bdb8f691146e169) Importer(815301076,1909f56bfc062723c751e8b465ee728b)  -> (artifact id: '8cd27259850b289992597814164febcb') in 0.004741 seconds
  Import took 0.011812 seconds .

========================================================================
Received Prepare
Registering precompiled user dll's ...
Registered in 0.002726 seconds.
Begin MonoManager ReloadAssembly
Native extension for WindowsStandalone target not found
Native extension for WebGL target not found
Refreshing native plugins compatible for Editor in 1.24 ms, found 1 plugins.
Preloading 0 native plugins for Editor in 0.00 ms.
Invoked RoslynAnalysisRunner static constructor.
RoslynAnalysisRunner will not be running.
RoslynAnalysisRunner has terminated.
Mono: successfully reloaded assembly
- Completed reload, in  3.038 seconds
Platform modules already initialized, skipping
Refreshing native plugins compatible for Editor in 1.16 ms, found 1 plugins.
Preloading 0 native plugins for Editor in 0.00 ms.
Unloading 1803 Unused Serialized files (Serialized files now loaded: 0)
System memory in use before: 84.7 MB.
System memory in use after: 84.7 MB.

Unloading 12 unused Assets to reduce memory usage. Loaded Objects now: 2270.
Total: 6.090400 ms (FindLiveObjects: 0.568500 ms CreateObjectMapping: 0.151400 ms MarkObjects: 5.076700 ms  DeleteObjects: 0.289800 ms)

========================================================================
Received Import Request.
  Time since last request: 32.947836 seconds.
  path: Assets/Chest.cs
  artifactKey: Guid(5468651a588209748bdb8f691146e169) Importer(815301076,1909f56bfc062723c751e8b465ee728b)
Start importing Assets/Chest.cs using Guid(5468651a588209748bdb8f691146e169) Importer(815301076,1909f56bfc062723c751e8b465ee728b)  -> (artifact id: 'eb420ac8da4e2e3d24fa3b880c9c6daf') in 0.011033 seconds
  Import took 0.017380 seconds .

========================================================================
Received Import Request.
  Time since last request: 0.013914 seconds.
  path: Assets/Chest.cs
  artifactKey: Guid(5468651a588209748bdb8f691146e169) Importer(815301076,1909f56bfc062723c751e8b465ee728b)
Start importing Assets/Chest.cs using Guid(5468651a588209748bdb8f691146e169) Importer(815301076,1909f56bfc062723c751e8b465ee728b)  -> (artifact id: 'eb420ac8da4e2e3d24fa3b880c9c6daf') in 0.003882 seconds
  Import took 0.010234 seconds .

========================================================================
Received Prepare
Registering precompiled user dll's ...
Registered in 0.002820 seconds.
Begin MonoManager ReloadAssembly
Native extension for WindowsStandalone target not found
Native extension for WebGL target not found
Refreshing native plugins compatible for Editor in 1.41 ms, found 1 plugins.
Preloading 0 native plugins for Editor in 0.00 ms.
Invoked RoslynAnalysisRunner static constructor.
RoslynAnalysisRunner will not be running.
RoslynAnalysisRunner has terminated.
Mono: successfully reloaded assembly
- Completed reload, in  3.429 seconds
Platform modules already initialized, skipping
Refreshing native plugins compatible for Editor in 1.35 ms, found 1 plugins.
Preloading 0 native plugins for Editor in 0.00 ms.
Unloading 1803 Unused Serialized files (Serialized files now loaded: 0)
System memory in use before: 84.7 MB.
System memory in use after: 84.7 MB.

Unloading 12 unused Assets to reduce memory usage. Loaded Objects now: 2274.
Total: 7.811700 ms (FindLiveObjects: 0.652500 ms CreateObjectMapping: 0.187400 ms MarkObjects: 6.613100 ms  DeleteObjects: 0.354600 ms)

========================================================================
Received Prepare
Registering precompiled user dll's ...
Registered in 0.002695 seconds.
Begin MonoManager ReloadAssembly
Native extension for WindowsStandalone target not found
Native extension for WebGL target not found
Refreshing native plugins compatible for Editor in 1.40 ms, found 1 plugins.
Preloading 0 native plugins for Editor in 0.00 ms.
Invoked RoslynAnalysisRunner static constructor.
RoslynAnalysisRunner will not be running.
RoslynAnalysisRunner has terminated.
Mono: successfully reloaded assembly
- Completed reload, in  3.467 seconds
Platform modules already initialized, skipping
Refreshing native plugins compatible for Editor in 1.20 ms, found 1 plugins.
Preloading 0 native plugins for Editor in 0.00 ms.
Unloading 1803 Unused Serialized files (Serialized files now loaded: 0)
System memory in use before: 84.7 MB.
System memory in use after: 84.7 MB.

Unloading 12 unused Assets to reduce memory usage. Loaded Objects now: 2278.
Total: 5.904300 ms (FindLiveObjects: 0.622900 ms CreateObjectMapping: 0.178600 ms MarkObjects: 4.812200 ms  DeleteObjects: 0.287200 ms)

========================================================================
Received Import Request.
  Time since last request: 40.184869 seconds.
  path: Assets/Chest.cs
  artifactKey: Guid(5468651a588209748bdb8f691146e169) Importer(815301076,1909f56bfc062723c751e8b465ee728b)
Start importing Assets/Chest.cs using Guid(5468651a588209748bdb8f691146e169) Importer(815301076,1909f56bfc062723c751e8b465ee728b)  -> (artifact id: '5cc87704413751c68c4d16a9bbba2a51') in 0.010494 seconds
  Import took 0.148803 seconds .

========================================================================
Received Import Request.
  Time since last request: 0.150167 seconds.
  path: Assets/Chest.cs
  artifactKey: Guid(5468651a588209748bdb8f691146e169) Importer(815301076,1909f56bfc062723c751e8b465ee728b)
Start importing Assets/Chest.cs using Guid(5468651a588209748bdb8f691146e169) Importer(815301076,1909f56bfc062723c751e8b465ee728b)  -> (artifact id: '5cc87704413751c68c4d16a9bbba2a51') in 0.004410 seconds
  Import took 0.011337 seconds .

========================================================================
Received Prepare
Registering precompiled user dll's ...
Registered in 0.005294 seconds.
Begin MonoManager ReloadAssembly
Native extension for WindowsStandalone target not found
Native extension for WebGL target not found
Refreshing native plugins compatible for Editor in 1.40 ms, found 1 plugins.
Preloading 0 native plugins for Editor in 0.00 ms.
Invoked RoslynAnalysisRunner static constructor.
RoslynAnalysisRunner will not be running.
RoslynAnalysisRunner has terminated.
Mono: successfully reloaded assembly
- Completed reload, in  3.415 seconds
Platform modules already initialized, skipping
Refreshing native plugins compatible for Editor in 1.31 ms, found 1 plugins.
Preloading 0 native plugins for Editor in 0.00 ms.
Unloading 1803 Unused Serialized files (Serialized files now loaded: 0)
System memory in use before: 84.7 MB.
System memory in use after: 84.7 MB.

Unloading 12 unused Assets to reduce memory usage. Loaded Objects now: 2282.
Total: 6.571300 ms (FindLiveObjects: 0.674900 ms CreateObjectMapping: 0.176200 ms MarkObjects: 5.404500 ms  DeleteObjects: 0.312300 ms)

========================================================================
Received Prepare
Registering precompiled user dll's ...
Registered in 0.001754 seconds.
Begin MonoManager ReloadAssembly
Native extension for WindowsStandalone target not found
Native extension for WebGL target not found
Refreshing native plugins compatible for Editor in 1.09 ms, found 1 plugins.
Preloading 0 native plugins for Editor in 0.00 ms.
Invoked RoslynAnalysisRunner static constructor.
RoslynAnalysisRunner will not be running.
RoslynAnalysisRunner has terminated.
Mono: successfully reloaded assembly
- Completed reload, in  1.885 seconds
Platform modules already initialized, skipping
Refreshing native plugins compatible for Editor in 1.07 ms, found 1 plugins.
Preloading 0 native plugins for Editor in 0.00 ms.
Unloading 1803 Unused Serialized files (Serialized files now loaded: 0)
System memory in use before: 84.7 MB.
System memory in use after: 84.7 MB.

Unloading 12 unused Assets to reduce memory usage. Loaded Objects now: 2286.
Total: 4.659500 ms (FindLiveObjects: 0.680100 ms CreateObjectMapping: 0.123300 ms MarkObjects: 3.597500 ms  DeleteObjects: 0.255000 ms)

========================================================================
Received Import Request.
  Time since last request: 111.007830 seconds.
  path: Assets/Chest.cs
  artifactKey: Guid(5468651a588209748bdb8f691146e169) Importer(815301076,1909f56bfc062723c751e8b465ee728b)
Start importing Assets/Chest.cs using Guid(5468651a588209748bdb8f691146e169) Importer(815301076,1909f56bfc062723c751e8b465ee728b)  -> (artifact id: '9bb058a2b0c77a21893cbccb145d4e5e') in 0.008737 seconds
  Import took 0.014608 seconds .

========================================================================
Received Prepare
Registering precompiled user dll's ...
Registered in 0.001989 seconds.
Begin MonoManager ReloadAssembly
Native extension for WindowsStandalone target not found
Native extension for WebGL target not found
Refreshing native plugins compatible for Editor in 1.18 ms, found 1 plugins.
Preloading 0 native plugins for Editor in 0.00 ms.
Invoked RoslynAnalysisRunner static constructor.
RoslynAnalysisRunner will not be running.
RoslynAnalysisRunner has terminated.
Mono: successfully reloaded assembly
- Completed reload, in  3.228 seconds
Platform modules already initialized, skipping
Refreshing native plugins compatible for Editor in 1.08 ms, found 1 plugins.
Preloading 0 native plugins for Editor in 0.00 ms.
Unloading 1803 Unused Serialized files (Serialized files now loaded: 0)
System memory in use before: 84.8 MB.
System memory in use after: 84.7 MB.

Unloading 12 unused Assets to reduce memory usage. Loaded Objects now: 2290.
Total: 6.364900 ms (FindLiveObjects: 1.008600 ms CreateObjectMapping: 0.270200 ms MarkObjects: 4.761000 ms  DeleteObjects: 0.288800 ms)

========================================================================
Received Prepare
Registering precompiled user dll's ...
Registered in 0.028034 seconds.
Begin MonoManager ReloadAssembly
Native extension for WindowsStandalone target not found
Native extension for WebGL target not found
Refreshing native plugins compatible for Editor in 1.16 ms, found 1 plugins.
Preloading 0 native plugins for Editor in 0.00 ms.
Invoked RoslynAnalysisRunner static constructor.
RoslynAnalysisRunner will not be running.
RoslynAnalysisRunner has terminated.
Mono: successfully reloaded assembly
- Completed reload, in  2.896 seconds
Platform modules already initialized, skipping
Refreshing native plugins compatible for Editor in 1.06 ms, found 1 plugins.
Preloading 0 native plugins for Editor in 0.00 ms.
Unloading 1803 Unused Serialized files (Serialized files now loaded: 0)
System memory in use before: 84.8 MB.
System memory in use after: 84.8 MB.

Unloading 12 unused Assets to reduce memory usage. Loaded Objects now: 2294.
Total: 5.020300 ms (FindLiveObjects: 0.567400 ms CreateObjectMapping: 0.103400 ms MarkObjects: 4.099000 ms  DeleteObjects: 0.248000 ms)

========================================================================
Received Import Request.
  Time since last request: 1421.412698 seconds.
  path: Assets/Chest.cs
  artifactKey: Guid(5468651a588209748bdb8f691146e169) Importer(815301076,1909f56bfc062723c751e8b465ee728b)
Start importing Assets/Chest.cs using Guid(5468651a588209748bdb8f691146e169) Importer(815301076,1909f56bfc062723c751e8b465ee728b)  -> (artifact id: '6b208e84360f5c4c03e6b9cf4ef16471') in 0.009115 seconds
  Import took 0.014675 seconds .

========================================================================
Received Prepare
Registering precompiled user dll's ...
Registered in 0.002365 seconds.
Begin MonoManager ReloadAssembly
Native extension for WindowsStandalone target not found
Native extension for WebGL target not found
Refreshing native plugins compatible for Editor in 1.38 ms, found 1 plugins.
Preloading 0 native plugins for Editor in 0.00 ms.
Invoked RoslynAnalysisRunner static constructor.
RoslynAnalysisRunner will not be running.
RoslynAnalysisRunner has terminated.
Mono: successfully reloaded assembly
- Completed reload, in  4.309 seconds
Platform modules already initialized, skipping
Refreshing native plugins compatible for Editor in 1.11 ms, found 1 plugins.
Preloading 0 native plugins for Editor in 0.00 ms.
Unloading 1803 Unused Serialized files (Serialized files now loaded: 0)
System memory in use before: 84.8 MB.
System memory in use after: 84.8 MB.

Unloading 12 unused Assets to reduce memory usage. Loaded Objects now: 2298.
Total: 5.755200 ms (FindLiveObjects: 0.564300 ms CreateObjectMapping: 0.123600 ms MarkObjects: 4.793800 ms  DeleteObjects: 0.270000 ms)

========================================================================
Received Import Request.
  Time since last request: 32.384923 seconds.
  path: Assets/Chest.cs
  artifactKey: Guid(5468651a588209748bdb8f691146e169) Importer(815301076,1909f56bfc062723c751e8b465ee728b)
Start importing Assets/Chest.cs using Guid(5468651a588209748bdb8f691146e169) Importer(815301076,1909f56bfc062723c751e8b465ee728b)  -> (artifact id: '168b16a27cdebd1527e5f36201a73c88') in 0.043313 seconds
  Import took 0.117746 seconds .

========================================================================
Received Import Request.
  Time since last request: 0.199069 seconds.
  path: Assets/Chest.cs
  artifactKey: Guid(5468651a588209748bdb8f691146e169) Importer(815301076,1909f56bfc062723c751e8b465ee728b)
Start importing Assets/Chest.cs using Guid(5468651a588209748bdb8f691146e169) Importer(815301076,1909f56bfc062723c751e8b465ee728b)  -> (artifact id: '168b16a27cdebd1527e5f36201a73c88') in 0.003937 seconds
  Import took 0.011692 seconds .

========================================================================
Received Prepare
Registering precompiled user dll's ...
Registered in 0.002066 seconds.
Begin MonoManager ReloadAssembly
Native extension for WindowsStandalone target not found
Native extension for WebGL target not found
Refreshing native plugins compatible for Editor in 1.11 ms, found 1 plugins.
Preloading 0 native plugins for Editor in 0.00 ms.
Invoked RoslynAnalysisRunner static constructor.
RoslynAnalysisRunner will not be running.
RoslynAnalysisRunner has terminated.
Mono: successfully reloaded assembly
- Completed reload, in  2.840 seconds
Platform modules already initialized, skipping
Refreshing native plugins compatible for Editor in 1.13 ms, found 1 plugins.
Preloading 0 native plugins for Editor in 0.00 ms.
Unloading 1803 Unused Serialized files (Serialized files now loaded: 0)
System memory in use before: 84.8 MB.
System memory in use after: 84.8 MB.

Unloading 12 unused Assets to reduce memory usage. Loaded Objects now: 2302.
Total: 6.883600 ms (FindLiveObjects: 0.941400 ms CreateObjectMapping: 0.278600 ms MarkObjects: 5.277400 ms  DeleteObjects: 0.378500 ms)

========================================================================
Received Import Request.
  Time since last request: 144.982540 seconds.
  path: Assets/Chest.cs
  artifactKey: Guid(5468651a588209748bdb8f691146e169) Importer(815301076,1909f56bfc062723c751e8b465ee728b)
Start importing Assets/Chest.cs using Guid(5468651a588209748bdb8f691146e169) Importer(815301076,1909f56bfc062723c751e8b465ee728b)  -> (artifact id: '6a5b1ab138eaff9ab122c3ffb7e653b1') in 0.015785 seconds
  Import took 0.075664 seconds .

========================================================================
Received Prepare
Registering precompiled user dll's ...
Registered in 0.001859 seconds.
Begin MonoManager ReloadAssembly
Native extension for WindowsStandalone target not found
Native extension for WebGL target not found
Refreshing native plugins compatible for Editor in 1.10 ms, found 1 plugins.
Preloading 0 native plugins for Editor in 0.00 ms.
Invoked RoslynAnalysisRunner static constructor.
RoslynAnalysisRunner will not be running.
RoslynAnalysisRunner has terminated.
Mono: successfully reloaded assembly
- Completed reload, in  1.989 seconds
Platform modules already initialized, skipping
Refreshing native plugins compatible for Editor in 1.07 ms, found 1 plugins.
Preloading 0 native plugins for Editor in 0.00 ms.
Unloading 1803 Unused Serialized files (Serialized files now loaded: 0)
System memory in use before: 84.8 MB.
System memory in use after: 84.8 MB.

Unloading 12 unused Assets to reduce memory usage. Loaded Objects now: 2306.
Total: 5.015400 ms (FindLiveObjects: 0.820500 ms CreateObjectMapping: 0.125800 ms MarkObjects: 3.820000 ms  DeleteObjects: 0.247000 ms)

========================================================================
Received Import Request.
  Time since last request: 164.469283 seconds.
  path: Assets/Chest.cs
  artifactKey: Guid(5468651a588209748bdb8f691146e169) Importer(815301076,1909f56bfc062723c751e8b465ee728b)
Start importing Assets/Chest.cs using Guid(5468651a588209748bdb8f691146e169) Importer(815301076,1909f56bfc062723c751e8b465ee728b)  -> (artifact id: '76da0cb5b850c84c3109394b1ff556a8') in 0.010511 seconds
  Import took 0.017315 seconds .

========================================================================
Received Import Request.
  Time since last request: 0.014419 seconds.
  path: Assets/Chest.cs
  artifactKey: Guid(5468651a588209748bdb8f691146e169) Importer(815301076,1909f56bfc062723c751e8b465ee728b)
Start importing Assets/Chest.cs using Guid(5468651a588209748bdb8f691146e169) Importer(815301076,1909f56bfc062723c751e8b465ee728b)  -> (artifact id: '76da0cb5b850c84c3109394b1ff556a8') in 0.003428 seconds
  Import took 0.009143 seconds .

========================================================================
Received Prepare
Registering precompiled user dll's ...
Registered in 0.003148 seconds.
Begin MonoManager ReloadAssembly
Native extension for WindowsStandalone target not found
Native extension for WebGL target not found
Refreshing native plugins compatible for Editor in 1.20 ms, found 1 plugins.
Preloading 0 native plugins for Editor in 0.00 ms.
Invoked RoslynAnalysisRunner static constructor.
RoslynAnalysisRunner will not be running.
RoslynAnalysisRunner has terminated.
Mono: successfully reloaded assembly
- Completed reload, in  3.234 seconds
Platform modules already initialized, skipping
Refreshing native plugins compatible for Editor in 1.20 ms, found 1 plugins.
Preloading 0 native plugins for Editor in 0.00 ms.
Unloading 1803 Unused Serialized files (Serialized files now loaded: 0)
System memory in use before: 84.8 MB.
System memory in use after: 84.8 MB.

Unloading 12 unused Assets to reduce memory usage. Loaded Objects now: 2310.
Total: 5.706700 ms (FindLiveObjects: 0.633300 ms CreateObjectMapping: 0.142200 ms MarkObjects: 4.639700 ms  DeleteObjects: 0.287900 ms)

========================================================================
Received Import Request.
  Time since last request: 93.601731 seconds.
  path: Assets/Chest.cs
  artifactKey: Guid(5468651a588209748bdb8f691146e169) Importer(815301076,1909f56bfc062723c751e8b465ee728b)
Start importing Assets/Chest.cs using Guid(5468651a588209748bdb8f691146e169) Importer(815301076,1909f56bfc062723c751e8b465ee728b)  -> (artifact id: '290d07fcbd91523bfc6052d5fe73a325') in 0.008973 seconds
  Import took 0.014884 seconds .

========================================================================
Received Import Request.
  Time since last request: 0.016322 seconds.
  path: Assets/Chest.cs
  artifactKey: Guid(5468651a588209748bdb8f691146e169) Importer(815301076,1909f56bfc062723c751e8b465ee728b)
Start importing Assets/Chest.cs using Guid(5468651a588209748bdb8f691146e169) Importer(815301076,1909f56bfc062723c751e8b465ee728b)  -> (artifact id: '290d07fcbd91523bfc6052d5fe73a325') in 0.003774 seconds
  Import took 0.009252 seconds .

========================================================================
Received Prepare
Registering precompiled user dll's ...
Registered in 0.002382 seconds.
Begin MonoManager ReloadAssembly
Native extension for WindowsStandalone target not found
Native extension for WebGL target not found
Refreshing native plugins compatible for Editor in 1.29 ms, found 1 plugins.
Preloading 0 native plugins for Editor in 0.00 ms.
Invoked RoslynAnalysisRunner static constructor.
RoslynAnalysisRunner will not be running.
RoslynAnalysisRunner has terminated.
Mono: successfully reloaded assembly
- Completed reload, in  2.010 seconds
Platform modules already initialized, skipping
Refreshing native plugins compatible for Editor in 1.04 ms, found 1 plugins.
Preloading 0 native plugins for Editor in 0.00 ms.
Unloading 1803 Unused Serialized files (Serialized files now loaded: 0)
System memory in use before: 84.8 MB.
System memory in use after: 84.8 MB.

Unloading 12 unused Assets to reduce memory usage. Loaded Objects now: 2314.
Total: 5.695200 ms (FindLiveObjects: 0.599700 ms CreateObjectMapping: 0.127300 ms MarkObjects: 4.703700 ms  DeleteObjects: 0.261100 ms)

========================================================================
Received Import Request.
  Time since last request: 213.437343 seconds.
  path: Assets/Chest.cs
  artifactKey: Guid(5468651a588209748bdb8f691146e169) Importer(815301076,1909f56bfc062723c751e8b465ee728b)
Start importing Assets/Chest.cs using Guid(5468651a588209748bdb8f691146e169) Importer(815301076,1909f56bfc062723c751e8b465ee728b)  -> (artifact id: '971c5e7709e7b772fd54474afbb9781c') in 0.017796 seconds
  Import took 0.124836 seconds .

========================================================================
Received Import Request.
  Time since last request: 0.175740 seconds.
  path: Assets/Chest.cs
  artifactKey: Guid(5468651a588209748bdb8f691146e169) Importer(815301076,1909f56bfc062723c751e8b465ee728b)
Start importing Assets/Chest.cs using Guid(5468651a588209748bdb8f691146e169) Importer(815301076,1909f56bfc062723c751e8b465ee728b)  -> (artifact id: '971c5e7709e7b772fd54474afbb9781c') in 0.006964 seconds
  Import took 0.014169 seconds .

========================================================================
Received Prepare
Registering precompiled user dll's ...
Registered in 0.003066 seconds.
Begin MonoManager ReloadAssembly
Native extension for WindowsStandalone target not found
Native extension for WebGL target not found
Refreshing native plugins compatible for Editor in 1.38 ms, found 1 plugins.
Preloading 0 native plugins for Editor in 0.00 ms.
Invoked RoslynAnalysisRunner static constructor.
RoslynAnalysisRunner will not be running.
RoslynAnalysisRunner has terminated.
Mono: successfully reloaded assembly
- Completed reload, in  3.204 seconds
Platform modules already initialized, skipping
Refreshing native plugins compatible for Editor in 1.21 ms, found 1 plugins.
Preloading 0 native plugins for Editor in 0.00 ms.
Unloading 1803 Unused Serialized files (Serialized files now loaded: 0)
System memory in use before: 84.8 MB.
System memory in use after: 84.8 MB.

Unloading 12 unused Assets to reduce memory usage. Loaded Objects now: 2318.
Total: 6.454300 ms (FindLiveObjects: 0.615200 ms CreateObjectMapping: 0.153700 ms MarkObjects: 5.380200 ms  DeleteObjects: 0.302100 ms)

========================================================================
Received Import Request.
  Time since last request: 84.743275 seconds.
  path: Assets/Chest.cs
  artifactKey: Guid(5468651a588209748bdb8f691146e169) Importer(815301076,1909f56bfc062723c751e8b465ee728b)
Start importing Assets/Chest.cs using Guid(5468651a588209748bdb8f691146e169) Importer(815301076,1909f56bfc062723c751e8b465ee728b)  -> (artifact id: '830927d9d4eb4fba5dc8d1fbe91fa5be') in 0.009761 seconds
  Import took 0.015779 seconds .

========================================================================
Received Import Request.
  Time since last request: 0.018427 seconds.
  path: Assets/Chest.cs
  artifactKey: Guid(5468651a588209748bdb8f691146e169) Importer(815301076,1909f56bfc062723c751e8b465ee728b)
Start importing Assets/Chest.cs using Guid(5468651a588209748bdb8f691146e169) Importer(815301076,1909f56bfc062723c751e8b465ee728b)  -> (artifact id: '830927d9d4eb4fba5dc8d1fbe91fa5be') in 0.004143 seconds
  Import took 0.010067 seconds .

========================================================================
Received Prepare
Registering precompiled user dll's ...
Registered in 0.002331 seconds.
Begin MonoManager ReloadAssembly
Native extension for WindowsStandalone target not found
Native extension for WebGL target not found
Refreshing native plugins compatible for Editor in 8.85 ms, found 1 plugins.
Preloading 0 native plugins for Editor in 0.00 ms.
Invoked RoslynAnalysisRunner static constructor.
RoslynAnalysisRunner will not be running.
RoslynAnalysisRunner has terminated.
Mono: successfully reloaded assembly
- Completed reload, in  3.489 seconds
Platform modules already initialized, skipping
Refreshing native plugins compatible for Editor in 1.39 ms, found 1 plugins.
Preloading 0 native plugins for Editor in 0.00 ms.
Unloading 1803 Unused Serialized files (Serialized files now loaded: 0)
System memory in use before: 84.8 MB.
System memory in use after: 84.8 MB.

Unloading 12 unused Assets to reduce memory usage. Loaded Objects now: 2322.
Total: 6.630200 ms (FindLiveObjects: 0.717900 ms CreateObjectMapping: 0.177100 ms MarkObjects: 5.404300 ms  DeleteObjects: 0.327700 ms)

========================================================================
Received Prepare
Registering precompiled user dll's ...
Registered in 0.002534 seconds.
Begin MonoManager ReloadAssembly
Native extension for WindowsStandalone target not found
Native extension for WebGL target not found
Refreshing native plugins compatible for Editor in 1.64 ms, found 1 plugins.
Preloading 0 native plugins for Editor in 0.00 ms.
Invoked RoslynAnalysisRunner static constructor.
RoslynAnalysisRunner will not be running.
RoslynAnalysisRunner has terminated.
Mono: successfully reloaded assembly
- Completed reload, in  3.128 seconds
Platform modules already initialized, skipping
Refreshing native plugins compatible for Editor in 1.30 ms, found 1 plugins.
Preloading 0 native plugins for Editor in 0.00 ms.
Unloading 1803 Unused Serialized files (Serialized files now loaded: 0)
System memory in use before: 84.8 MB.
System memory in use after: 84.8 MB.

Unloading 12 unused Assets to reduce memory usage. Loaded Objects now: 2326.
Total: 6.494200 ms (FindLiveObjects: 0.743800 ms CreateObjectMapping: 0.158800 ms MarkObjects: 5.262200 ms  DeleteObjects: 0.326600 ms)

========================================================================
Received Prepare
Registering precompiled user dll's ...
Registered in 0.002586 seconds.
Begin MonoManager ReloadAssembly
Native extension for WindowsStandalone target not found
Native extension for WebGL target not found
Refreshing native plugins compatible for Editor in 1.38 ms, found 1 plugins.
Preloading 0 native plugins for Editor in 0.00 ms.
Invoked RoslynAnalysisRunner static constructor.
RoslynAnalysisRunner will not be running.
RoslynAnalysisRunner has terminated.
Mono: successfully reloaded assembly
- Completed reload, in  3.670 seconds
Platform modules already initialized, skipping
Refreshing native plugins compatible for Editor in 1.22 ms, found 1 plugins.
Preloading 0 native plugins for Editor in 0.00 ms.
Unloading 1803 Unused Serialized files (Serialized files now loaded: 0)
System memory in use before: 84.8 MB.
System memory in use after: 84.8 MB.

Unloading 12 unused Assets to reduce memory usage. Loaded Objects now: 2330.
Total: 5.845900 ms (FindLiveObjects: 0.807700 ms CreateObjectMapping: 0.285700 ms MarkObjects: 4.453000 ms  DeleteObjects: 0.295700 ms)

========================================================================
Received Prepare
Registering precompiled user dll's ...
Registered in 0.002408 seconds.
Begin MonoManager ReloadAssembly
Native extension for WindowsStandalone target not found
Native extension for WebGL target not found
Refreshing native plugins compatible for Editor in 2.81 ms, found 1 plugins.
Preloading 0 native plugins for Editor in 0.00 ms.
Invoked RoslynAnalysisRunner static constructor.
RoslynAnalysisRunner will not be running.
RoslynAnalysisRunner has terminated.
Mono: successfully reloaded assembly
- Completed reload, in  3.441 seconds
Platform modules already initialized, skipping
Refreshing native plugins compatible for Editor in 1.54 ms, found 1 plugins.
Preloading 0 native plugins for Editor in 0.00 ms.
Unloading 1803 Unused Serialized files (Serialized files now loaded: 0)
System memory in use before: 84.8 MB.
System memory in use after: 84.8 MB.

Unloading 12 unused Assets to reduce memory usage. Loaded Objects now: 2334.
Total: 6.583800 ms (FindLiveObjects: 0.640100 ms CreateObjectMapping: 0.172500 ms MarkObjects: 5.442900 ms  DeleteObjects: 0.325200 ms)

========================================================================
Received Prepare
Registering precompiled user dll's ...
Registered in 0.002303 seconds.
Begin MonoManager ReloadAssembly
Native extension for WindowsStandalone target not found
Native extension for WebGL target not found
Refreshing native plugins compatible for Editor in 1.47 ms, found 1 plugins.
Preloading 0 native plugins for Editor in 0.00 ms.
Invoked RoslynAnalysisRunner static constructor.
RoslynAnalysisRunner will not be running.
RoslynAnalysisRunner has terminated.
Mono: successfully reloaded assembly
- Completed reload, in  2.698 seconds
Platform modules already initialized, skipping
Refreshing native plugins compatible for Editor in 1.24 ms, found 1 plugins.
Preloading 0 native plugins for Editor in 0.00 ms.
Unloading 1803 Unused Serialized files (Serialized files now loaded: 0)
System memory in use before: 84.9 MB.
System memory in use after: 84.8 MB.

Unloading 12 unused Assets to reduce memory usage. Loaded Objects now: 2338.
Total: 6.136800 ms (FindLiveObjects: 0.622500 ms CreateObjectMapping: 0.250700 ms MarkObjects: 4.940200 ms  DeleteObjects: 0.319800 ms)

========================================================================
Received Prepare
Registering precompiled user dll's ...
Registered in 0.002604 seconds.
Begin MonoManager ReloadAssembly
Native extension for WindowsStandalone target not found
Native extension for WebGL target not found
Refreshing native plugins compatible for Editor in 1.54 ms, found 1 plugins.
Preloading 0 native plugins for Editor in 0.00 ms.
Invoked RoslynAnalysisRunner static constructor.
RoslynAnalysisRunner will not be running.
RoslynAnalysisRunner has terminated.
Mono: successfully reloaded assembly
- Completed reload, in  3.435 seconds
Platform modules already initialized, skipping
Refreshing native plugins compatible for Editor in 1.37 ms, found 1 plugins.
Preloading 0 native plugins for Editor in 0.00 ms.
Unloading 1803 Unused Serialized files (Serialized files now loaded: 0)
System memory in use before: 84.9 MB.
System memory in use after: 84.9 MB.

Unloading 12 unused Assets to reduce memory usage. Loaded Objects now: 2342.
Total: 6.880300 ms (FindLiveObjects: 0.646300 ms CreateObjectMapping: 0.184000 ms MarkObjects: 5.710900 ms  DeleteObjects: 0.335400 ms)

========================================================================
Received Prepare
Registering precompiled user dll's ...
Registered in 0.002459 seconds.
Begin MonoManager ReloadAssembly
Native extension for WindowsStandalone target not found
Native extension for WebGL target not found
Refreshing native plugins compatible for Editor in 1.31 ms, found 1 plugins.
Preloading 0 native plugins for Editor in 0.00 ms.
Invoked RoslynAnalysisRunner static constructor.
RoslynAnalysisRunner will not be running.
RoslynAnalysisRunner has terminated.
Mono: successfully reloaded assembly
- Completed reload, in  3.176 seconds
Platform modules already initialized, skipping
Refreshing native plugins compatible for Editor in 1.16 ms, found 1 plugins.
Preloading 0 native plugins for Editor in 0.00 ms.
Unloading 1803 Unused Serialized files (Serialized files now loaded: 0)
System memory in use before: 84.9 MB.
System memory in use after: 84.9 MB.

Unloading 12 unused Assets to reduce memory usage. Loaded Objects now: 2346.
Total: 5.872600 ms (FindLiveObjects: 0.729300 ms CreateObjectMapping: 0.136100 ms MarkObjects: 4.714500 ms  DeleteObjects: 0.289700 ms)

========================================================================
Received Import Request.
  Time since last request: 240.157049 seconds.
  path: Assets/Chest.cs
  artifactKey: Guid(5468651a588209748bdb8f691146e169) Importer(815301076,1909f56bfc062723c751e8b465ee728b)
Start importing Assets/Chest.cs using Guid(5468651a588209748bdb8f691146e169) Importer(815301076,1909f56bfc062723c751e8b465ee728b)  -> (artifact id: '00d4bfb587cd2344704a6081daadda11') in 0.042153 seconds
  Import took 0.111467 seconds .

========================================================================
Received Import Request.
  Time since last request: 0.226688 seconds.
  path: Assets/Chest.cs
  artifactKey: Guid(5468651a588209748bdb8f691146e169) Importer(815301076,1909f56bfc062723c751e8b465ee728b)
Start importing Assets/Chest.cs using Guid(5468651a588209748bdb8f691146e169) Importer(815301076,1909f56bfc062723c751e8b465ee728b)  -> (artifact id: '00d4bfb587cd2344704a6081daadda11') in 0.006453 seconds
  Import took 0.015172 seconds .

========================================================================
Received Prepare
Registering precompiled user dll's ...
Registered in 0.002831 seconds.
Begin MonoManager ReloadAssembly
Native extension for WindowsStandalone target not found
Native extension for WebGL target not found
Refreshing native plugins compatible for Editor in 1.44 ms, found 1 plugins.
Preloading 0 native plugins for Editor in 0.00 ms.
Invoked RoslynAnalysisRunner static constructor.
RoslynAnalysisRunner will not be running.
RoslynAnalysisRunner has terminated.
Mono: successfully reloaded assembly
- Completed reload, in  3.462 seconds
Platform modules already initialized, skipping
Refreshing native plugins compatible for Editor in 1.50 ms, found 1 plugins.
Preloading 0 native plugins for Editor in 0.00 ms.
Unloading 1803 Unused Serialized files (Serialized files now loaded: 0)
System memory in use before: 84.9 MB.
System memory in use after: 84.9 MB.

Unloading 12 unused Assets to reduce memory usage. Loaded Objects now: 2350.
Total: 7.010100 ms (FindLiveObjects: 0.725800 ms CreateObjectMapping: 0.174900 ms MarkObjects: 5.773100 ms  DeleteObjects: 0.331700 ms)

========================================================================
Received Prepare
Registering precompiled user dll's ...
Registered in 0.002271 seconds.
Begin MonoManager ReloadAssembly
Native extension for WindowsStandalone target not found
Native extension for WebGL target not found
Refreshing native plugins compatible for Editor in 1.33 ms, found 1 plugins.
Preloading 0 native plugins for Editor in 0.00 ms.
Invoked RoslynAnalysisRunner static constructor.
RoslynAnalysisRunner will not be running.
RoslynAnalysisRunner has terminated.
Mono: successfully reloaded assembly
- Completed reload, in  3.488 seconds
Platform modules already initialized, skipping
Refreshing native plugins compatible for Editor in 1.36 ms, found 1 plugins.
Preloading 0 native plugins for Editor in 0.00 ms.
Unloading 1803 Unused Serialized files (Serialized files now loaded: 0)
System memory in use before: 84.9 MB.
System memory in use after: 84.9 MB.

Unloading 12 unused Assets to reduce memory usage. Loaded Objects now: 2354.
Total: 6.862500 ms (FindLiveObjects: 0.709100 ms CreateObjectMapping: 0.182800 ms MarkObjects: 5.640900 ms  DeleteObjects: 0.326900 ms)

========================================================================
Received Prepare
Registering precompiled user dll's ...
Registered in 0.027289 seconds.
Begin MonoManager ReloadAssembly
Native extension for WindowsStandalone target not found
Native extension for WebGL target not found
Refreshing native plugins compatible for Editor in 1.23 ms, found 1 plugins.
Preloading 0 native plugins for Editor in 0.00 ms.
Invoked RoslynAnalysisRunner static constructor.
RoslynAnalysisRunner will not be running.
RoslynAnalysisRunner has terminated.
Mono: successfully reloaded assembly
- Completed reload, in  2.587 seconds
Platform modules already initialized, skipping
Refreshing native plugins compatible for Editor in 1.22 ms, found 1 plugins.
Preloading 0 native plugins for Editor in 0.00 ms.
Unloading 1803 Unused Serialized files (Serialized files now loaded: 0)
System memory in use before: 84.9 MB.
System memory in use after: 84.9 MB.

Unloading 12 unused Assets to reduce memory usage. Loaded Objects now: 2358.
Total: 11.418900 ms (FindLiveObjects: 0.710400 ms CreateObjectMapping: 0.184600 ms MarkObjects: 10.200200 ms  DeleteObjects: 0.319900 ms)

========================================================================
Received Import Request.
  Time since last request: 873.330958 seconds.
  path: Assets/Tests.cs
  artifactKey: Guid(55e7be1b0d4f6bd49a03fe438d88065e) Importer(815301076,1909f56bfc062723c751e8b465ee728b)
Start importing Assets/Tests.cs using Guid(55e7be1b0d4f6bd49a03fe438d88065e) Importer(815301076,1909f56bfc062723c751e8b465ee728b)  -> (artifact id: '53d056d0a91efb739ea17b18c7796326') in 0.025823 seconds
  Import took 0.102397 seconds .

========================================================================
Received Import Request.
  Time since last request: 0.016727 seconds.
  path: Assets/Tests.cs
  artifactKey: Guid(55e7be1b0d4f6bd49a03fe438d88065e) Importer(815301076,1909f56bfc062723c751e8b465ee728b)
Start importing Assets/Tests.cs using Guid(55e7be1b0d4f6bd49a03fe438d88065e) Importer(815301076,1909f56bfc062723c751e8b465ee728b)  -> (artifact id: '53d056d0a91efb739ea17b18c7796326') in 0.014208 seconds
  Import took 0.036129 seconds .

========================================================================
Received Prepare
Registering precompiled user dll's ...
Registered in 0.002024 seconds.
Begin MonoManager ReloadAssembly
Native extension for WindowsStandalone target not found
Native extension for WebGL target not found
Refreshing native plugins compatible for Editor in 1.11 ms, found 1 plugins.
Preloading 0 native plugins for Editor in 0.00 ms.
Invoked RoslynAnalysisRunner static constructor.
RoslynAnalysisRunner will not be running.
RoslynAnalysisRunner has terminated.
Mono: successfully reloaded assembly
- Completed reload, in  2.155 seconds
Platform modules already initialized, skipping
Refreshing native plugins compatible for Editor in 1.08 ms, found 1 plugins.
Preloading 0 native plugins for Editor in 0.00 ms.
Unloading 1804 Unused Serialized files (Serialized files now loaded: 0)
System memory in use before: 84.9 MB.
System memory in use after: 84.9 MB.

Unloading 12 unused Assets to reduce memory usage. Loaded Objects now: 2363.
Total: 5.081200 ms (FindLiveObjects: 0.750600 ms CreateObjectMapping: 0.201900 ms MarkObjects: 3.858300 ms  DeleteObjects: 0.268300 ms)

========================================================================
Received Prepare
Registering precompiled user dll's ...
Registered in 0.001904 seconds.
Begin MonoManager ReloadAssembly
Native extension for WindowsStandalone target not found
Native extension for WebGL target not found
Refreshing native plugins compatible for Editor in 1.08 ms, found 1 plugins.
Preloading 0 native plugins for Editor in 0.00 ms.
Invoked RoslynAnalysisRunner static constructor.
RoslynAnalysisRunner will not be running.
RoslynAnalysisRunner has terminated.
Mono: successfully reloaded assembly
- Completed reload, in  1.998 seconds
Platform modules already initialized, skipping
Refreshing native plugins compatible for Editor in 1.13 ms, found 1 plugins.
Preloading 0 native plugins for Editor in 0.00 ms.
Unloading 1803 Unused Serialized files (Serialized files now loaded: 0)
System memory in use before: 84.9 MB.
System memory in use after: 84.9 MB.

Unloading 13 unused Assets to reduce memory usage. Loaded Objects now: 2366.
Total: 5.807800 ms (FindLiveObjects: 0.675100 ms CreateObjectMapping: 0.149600 ms MarkObjects: 4.708400 ms  DeleteObjects: 0.272100 ms)

========================================================================
Received Prepare
Registering precompiled user dll's ...
Registered in 0.078123 seconds.
Begin MonoManager ReloadAssembly
Native extension for WindowsStandalone target not found
Native extension for WebGL target not found
Refreshing native plugins compatible for Editor in 1.18 ms, found 1 plugins.
Preloading 0 native plugins for Editor in 0.00 ms.
Invoked RoslynAnalysisRunner static constructor.
RoslynAnalysisRunner will not be running.
RoslynAnalysisRunner has terminated.
Mono: successfully reloaded assembly
- Completed reload, in  2.703 seconds
Platform modules already initialized, skipping
Refreshing native plugins compatible for Editor in 1.33 ms, found 1 plugins.
Preloading 0 native plugins for Editor in 0.00 ms.
Unloading 1803 Unused Serialized files (Serialized files now loaded: 0)
System memory in use before: 84.9 MB.
System memory in use after: 84.9 MB.

Unloading 12 unused Assets to reduce memory usage. Loaded Objects now: 2370.
Total: 7.101500 ms (FindLiveObjects: 1.850400 ms CreateObjectMapping: 0.336000 ms MarkObjects: 4.618600 ms  DeleteObjects: 0.293300 ms)

AssetImportWorkerClient::OnTransportError - code=2 error=End of file
