Using pre-set license
Built from '2020.3/release' branch; Version is '2020.3.1f1 (77a89f25062f) revision 7841951'; Using compiler version '192528614'; Build Type 'Release'
OS: 'Windows 10 Pro; OS build 19042.782; Version 2009; 64bit' Language: 'ru' Physical Memory: 16331 MB
BatchMode: 1, IsHumanControllingUs: 0, StartBugReporterOnCrash: 0, Is64bit: 1, IsPro: 0

 COMMAND LINE ARGUMENTS:
C:\Program Files\Unity\Hub\Editor\2020.3.1f1\Editor\Unity.exe
-adb2
-batchMode
-noUpm
-name
AssetImportWorker0
-projectPath
D:/UnityProjects/ItemDropTest
-logFile
Logs/AssetImportWorker0.log
-srvPort
50013
Successfully changed project path to: D:/UnityProjects/ItemDropTest
D:/UnityProjects/ItemDropTest
Using Asset Import Pipeline V2.
Refreshing native plugins compatible for Editor in 63.25 ms, found 1 plugins.
Preloading 0 native plugins for Editor in 0.00 ms.
Initialize engine version: 2020.3.1f1 (77a89f25062f)
[Subsystems] Discovering subsystems at path C:/Program Files/Unity/Hub/Editor/2020.3.1f1/Editor/Data/Resources/UnitySubsystems
[Subsystems] Discovering subsystems at path D:/UnityProjects/ItemDropTest/Assets
GfxDevice: creating device client; threaded=0
Direct3D:
    Version:  Direct3D 11.0 [level 11.1]
    Renderer: NVIDIA GeForce RTX 2060 (ID=0x1f08)
    Vendor:   
    VRAM:     5980 MB
    Driver:   30.0.14.7111
Initialize mono
Mono path[0] = 'C:/Program Files/Unity/Hub/Editor/2020.3.1f1/Editor/Data/Managed'
Mono path[1] = 'C:/Program Files/Unity/Hub/Editor/2020.3.1f1/Editor/Data/MonoBleedingEdge/lib/mono/unityjit'
Mono config path = 'C:/Program Files/Unity/Hub/Editor/2020.3.1f1/Editor/Data/MonoBleedingEdge/etc'
Using monoOptions --debugger-agent=transport=dt_socket,embedding=1,server=y,suspend=n,address=127.0.0.1:56288
Begin MonoManager ReloadAssembly
Registering precompiled unity dll's ...
Register platform support module: C:/Program Files/Unity/Hub/Editor/2020.3.1f1/Editor/Data/PlaybackEngines/WebGLSupport/UnityEditor.WebGL.Extensions.dll
Register platform support module: C:/Program Files/Unity/Hub/Editor/2020.3.1f1/Editor/Data/PlaybackEngines/WindowsStandaloneSupport/UnityEditor.WindowsStandalone.Extensions.dll
Registered in 0.002635 seconds.
Native extension for WindowsStandalone target not found
Native extension for WebGL target not found
Refreshing native plugins compatible for Editor in 52.53 ms, found 1 plugins.
Preloading 0 native plugins for Editor in 0.00 ms.
Invoked RoslynAnalysisRunner static constructor.
RoslynAnalysisRunner will not be running.
RoslynAnalysisRunner has terminated.
Mono: successfully reloaded assembly
- Completed reload, in  1.503 seconds
Platform modules already initialized, skipping
Registering precompiled user dll's ...
Registered in 0.000753 seconds.
Begin MonoManager ReloadAssembly
Native extension for WindowsStandalone target not found
Native extension for WebGL target not found
Refreshing native plugins compatible for Editor in 47.28 ms, found 1 plugins.
Preloading 0 native plugins for Editor in 0.00 ms.
Invoked RoslynAnalysisRunner static constructor.
RoslynAnalysisRunner will not be running.
RoslynAnalysisRunner has terminated.
Mono: successfully reloaded assembly
- Completed reload, in  1.197 seconds
Platform modules already initialized, skipping
========================================================================
Worker process is ready to serve import requests
Launched and connected shader compiler UnityShaderCompiler.exe after 0.03 seconds
Refreshing native plugins compatible for Editor in 0.48 ms, found 1 plugins.
Preloading 0 native plugins for Editor in 0.00 ms.
Unloading 1808 Unused Serialized files (Serialized files now loaded: 0)
System memory in use before: 84.5 MB.
System memory in use after: 84.6 MB.

Unloading 19 unused Assets to reduce memory usage. Loaded Objects now: 2255.
Total: 2.407000 ms (FindLiveObjects: 0.279700 ms CreateObjectMapping: 0.079200 ms MarkObjects: 1.967600 ms  DeleteObjects: 0.078500 ms)

========================================================================
Received Import Request.
  path: Assets/Scenes
  artifactKey: Guid(0ee6c1b2a2e321e438ee2f5973d1d08d) Importer(815301076,1909f56bfc062723c751e8b465ee728b)
Start importing Assets/Scenes using Guid(0ee6c1b2a2e321e438ee2f5973d1d08d) Importer(815301076,1909f56bfc062723c751e8b465ee728b)  -> (artifact id: '2353706a8912000a3027f2c2bf8cb515') in 0.012909 seconds
  Import took 0.016345 seconds .

========================================================================
Received Import Request.
  Time since last request: 0.000288 seconds.
  path: Assets/Scenes/SampleScene.unity
  artifactKey: Guid(2cda990e2423bbf4892e6590ba056729) Importer(815301076,1909f56bfc062723c751e8b465ee728b)
Start importing Assets/Scenes/SampleScene.unity using Guid(2cda990e2423bbf4892e6590ba056729) Importer(815301076,1909f56bfc062723c751e8b465ee728b)  -> (artifact id: 'a33031166b2cda320be13ca60046ecff') in 0.017967 seconds
  Import took 0.021529 seconds .

========================================================================
Received Prepare
Refreshing native plugins compatible for Editor in 1.60 ms, found 1 plugins.
Preloading 0 native plugins for Editor in 0.00 ms.
Unloading 5 Unused Serialized files (Serialized files now loaded: 0)
System memory in use before: 48.5 MB.
System memory in use after: 48.6 MB.

Unloading 5 unused Assets to reduce memory usage. Loaded Objects now: 2255.
Total: 2.559300 ms (FindLiveObjects: 0.217700 ms CreateObjectMapping: 0.063800 ms MarkObjects: 2.263900 ms  DeleteObjects: 0.012500 ms)

========================================================================
Received Import Request.
  Time since last request: 37.930718 seconds.
  path: Assets/Chest.cs
  artifactKey: Guid(5468651a588209748bdb8f691146e169) Importer(815301076,1909f56bfc062723c751e8b465ee728b)
Start importing Assets/Chest.cs using Guid(5468651a588209748bdb8f691146e169) Importer(815301076,1909f56bfc062723c751e8b465ee728b)  -> (artifact id: '56d4c86c0ff5b93d144c8032002c3103') in 0.073685 seconds
  Import took 0.077319 seconds .

========================================================================
Received Import Request.
  Time since last request: 0.023840 seconds.
  path: Assets/Chest.cs
  artifactKey: Guid(5468651a588209748bdb8f691146e169) Importer(815301076,1909f56bfc062723c751e8b465ee728b)
Start importing Assets/Chest.cs using Guid(5468651a588209748bdb8f691146e169) Importer(815301076,1909f56bfc062723c751e8b465ee728b)  -> (artifact id: '56d4c86c0ff5b93d144c8032002c3103') in 0.001139 seconds
  Import took 0.004604 seconds .

========================================================================
Received Prepare
Registering precompiled user dll's ...
Registered in 0.000909 seconds.
Begin MonoManager ReloadAssembly
Native extension for WindowsStandalone target not found
Native extension for WebGL target not found
Refreshing native plugins compatible for Editor in 0.56 ms, found 1 plugins.
Preloading 0 native plugins for Editor in 0.00 ms.
Invoked RoslynAnalysisRunner static constructor.
RoslynAnalysisRunner will not be running.
RoslynAnalysisRunner has terminated.
Mono: successfully reloaded assembly
- Completed reload, in  1.188 seconds
Platform modules already initialized, skipping
Refreshing native plugins compatible for Editor in 0.55 ms, found 1 plugins.
Preloading 0 native plugins for Editor in 0.00 ms.
Unloading 1798 Unused Serialized files (Serialized files now loaded: 0)
System memory in use before: 84.1 MB.
System memory in use after: 84.2 MB.

Unloading 7 unused Assets to reduce memory usage. Loaded Objects now: 2259.
Total: 2.383000 ms (FindLiveObjects: 0.241900 ms CreateObjectMapping: 0.071400 ms MarkObjects: 2.045600 ms  DeleteObjects: 0.022400 ms)

========================================================================
Received Prepare
Registering precompiled user dll's ...
Registered in 0.000827 seconds.
Begin MonoManager ReloadAssembly
Native extension for WindowsStandalone target not found
Native extension for WebGL target not found
Refreshing native plugins compatible for Editor in 0.53 ms, found 1 plugins.
Preloading 0 native plugins for Editor in 0.00 ms.
Invoked RoslynAnalysisRunner static constructor.
RoslynAnalysisRunner will not be running.
RoslynAnalysisRunner has terminated.
Mono: successfully reloaded assembly
- Completed reload, in  1.146 seconds
Platform modules already initialized, skipping
Refreshing native plugins compatible for Editor in 0.54 ms, found 1 plugins.
Preloading 0 native plugins for Editor in 0.00 ms.
Unloading 1798 Unused Serialized files (Serialized files now loaded: 0)
System memory in use before: 84.2 MB.
System memory in use after: 84.3 MB.

Unloading 7 unused Assets to reduce memory usage. Loaded Objects now: 2263.
Total: 2.136700 ms (FindLiveObjects: 0.189900 ms CreateObjectMapping: 0.068900 ms MarkObjects: 1.846900 ms  DeleteObjects: 0.029400 ms)

========================================================================
Received Import Request.
  Time since last request: 1566.257202 seconds.
  path: Assets/Chest.cs
  artifactKey: Guid(5468651a588209748bdb8f691146e169) Importer(815301076,1909f56bfc062723c751e8b465ee728b)
Start importing Assets/Chest.cs using Guid(5468651a588209748bdb8f691146e169) Importer(815301076,1909f56bfc062723c751e8b465ee728b)  -> (artifact id: '00171637f45913c99e7c8d24a994847b') in 0.004406 seconds
  Import took 0.007994 seconds .

========================================================================
Received Import Request.
  Time since last request: 0.037052 seconds.
  path: Assets/Chest.cs
  artifactKey: Guid(5468651a588209748bdb8f691146e169) Importer(815301076,1909f56bfc062723c751e8b465ee728b)
Start importing Assets/Chest.cs using Guid(5468651a588209748bdb8f691146e169) Importer(815301076,1909f56bfc062723c751e8b465ee728b)  -> (artifact id: '00171637f45913c99e7c8d24a994847b') in 0.001185 seconds
  Import took 0.004896 seconds .

========================================================================
Received Prepare
Registering precompiled user dll's ...
Registered in 0.000950 seconds.
Begin MonoManager ReloadAssembly
Native extension for WindowsStandalone target not found
Native extension for WebGL target not found
Refreshing native plugins compatible for Editor in 0.54 ms, found 1 plugins.
Preloading 0 native plugins for Editor in 0.00 ms.
Invoked RoslynAnalysisRunner static constructor.
RoslynAnalysisRunner will not be running.
RoslynAnalysisRunner has terminated.
Mono: successfully reloaded assembly
- Completed reload, in  1.181 seconds
Platform modules already initialized, skipping
Refreshing native plugins compatible for Editor in 0.51 ms, found 1 plugins.
Preloading 0 native plugins for Editor in 0.00 ms.
Unloading 1798 Unused Serialized files (Serialized files now loaded: 0)
System memory in use before: 84.2 MB.
System memory in use after: 84.3 MB.

Unloading 7 unused Assets to reduce memory usage. Loaded Objects now: 2267.
Total: 2.461600 ms (FindLiveObjects: 0.226300 ms CreateObjectMapping: 0.068500 ms MarkObjects: 2.138300 ms  DeleteObjects: 0.026600 ms)

========================================================================
Received Import Request.
  Time since last request: 282.063800 seconds.
  path: Assets/Items.cs
  artifactKey: Guid(eaf01b1b5736d7d46bd1044cfe5205da) Importer(815301076,1909f56bfc062723c751e8b465ee728b)
Start importing Assets/Items.cs using Guid(eaf01b1b5736d7d46bd1044cfe5205da) Importer(815301076,1909f56bfc062723c751e8b465ee728b)  -> (artifact id: '2ab098525de25317142aa175c66d2125') in 0.004731 seconds
  Import took 0.008308 seconds .

========================================================================
Received Prepare
Registering precompiled user dll's ...
Registered in 0.000779 seconds.
Begin MonoManager ReloadAssembly
Native extension for WindowsStandalone target not found
Native extension for WebGL target not found
Refreshing native plugins compatible for Editor in 0.49 ms, found 1 plugins.
Preloading 0 native plugins for Editor in 0.00 ms.
Invoked RoslynAnalysisRunner static constructor.
RoslynAnalysisRunner will not be running.
RoslynAnalysisRunner has terminated.
Mono: successfully reloaded assembly
- Completed reload, in  1.065 seconds
Platform modules already initialized, skipping
Refreshing native plugins compatible for Editor in 0.49 ms, found 1 plugins.
Preloading 0 native plugins for Editor in 0.00 ms.
Unloading 1798 Unused Serialized files (Serialized files now loaded: 0)
System memory in use before: 84.2 MB.
System memory in use after: 84.3 MB.

Unloading 7 unused Assets to reduce memory usage. Loaded Objects now: 2271.
Total: 2.164000 ms (FindLiveObjects: 0.185500 ms CreateObjectMapping: 0.064600 ms MarkObjects: 1.889700 ms  DeleteObjects: 0.023000 ms)

========================================================================
Received Import Request.
  Time since last request: 132.561929 seconds.
  path: Assets/Chest.cs
  artifactKey: Guid(5468651a588209748bdb8f691146e169) Importer(815301076,1909f56bfc062723c751e8b465ee728b)
Start importing Assets/Chest.cs using Guid(5468651a588209748bdb8f691146e169) Importer(815301076,1909f56bfc062723c751e8b465ee728b)  -> (artifact id: '6b221c72b4fe92b34f95dfc000dd48e9') in 0.007145 seconds
  Import took 0.013626 seconds .

========================================================================
Received Prepare
Registering precompiled user dll's ...
Registered in 0.000924 seconds.
Begin MonoManager ReloadAssembly
Native extension for WindowsStandalone target not found
Native extension for WebGL target not found
Refreshing native plugins compatible for Editor in 0.50 ms, found 1 plugins.
Preloading 0 native plugins for Editor in 0.00 ms.
Invoked RoslynAnalysisRunner static constructor.
RoslynAnalysisRunner will not be running.
RoslynAnalysisRunner has terminated.
Mono: successfully reloaded assembly
- Completed reload, in  1.170 seconds
Platform modules already initialized, skipping
Refreshing native plugins compatible for Editor in 0.50 ms, found 1 plugins.
Preloading 0 native plugins for Editor in 0.00 ms.
Unloading 1798 Unused Serialized files (Serialized files now loaded: 0)
System memory in use before: 84.2 MB.
System memory in use after: 84.3 MB.

Unloading 7 unused Assets to reduce memory usage. Loaded Objects now: 2275.
Total: 4.002600 ms (FindLiveObjects: 0.271800 ms CreateObjectMapping: 0.137300 ms MarkObjects: 3.549700 ms  DeleteObjects: 0.041400 ms)

========================================================================
Received Prepare
Registering precompiled user dll's ...
Registered in 0.000865 seconds.
Begin MonoManager ReloadAssembly
Native extension for WindowsStandalone target not found
Native extension for WebGL target not found
Refreshing native plugins compatible for Editor in 0.49 ms, found 1 plugins.
Preloading 0 native plugins for Editor in 0.00 ms.
Invoked RoslynAnalysisRunner static constructor.
RoslynAnalysisRunner will not be running.
RoslynAnalysisRunner has terminated.
Mono: successfully reloaded assembly
- Completed reload, in  1.078 seconds
Platform modules already initialized, skipping
Refreshing native plugins compatible for Editor in 0.52 ms, found 1 plugins.
Preloading 0 native plugins for Editor in 0.00 ms.
Unloading 1798 Unused Serialized files (Serialized files now loaded: 0)
System memory in use before: 84.2 MB.
System memory in use after: 84.3 MB.

Unloading 7 unused Assets to reduce memory usage. Loaded Objects now: 2279.
Total: 2.410100 ms (FindLiveObjects: 0.214500 ms CreateObjectMapping: 0.080500 ms MarkObjects: 2.078000 ms  DeleteObjects: 0.035300 ms)

========================================================================
Received Import Request.
  Time since last request: 61.126263 seconds.
  path: Assets/Chest.cs
  artifactKey: Guid(5468651a588209748bdb8f691146e169) Importer(815301076,1909f56bfc062723c751e8b465ee728b)
Start importing Assets/Chest.cs using Guid(5468651a588209748bdb8f691146e169) Importer(815301076,1909f56bfc062723c751e8b465ee728b)  -> (artifact id: '9c48308f9caf0b4e418211d4c2d0f767') in 0.004675 seconds
  Import took 0.008368 seconds .

========================================================================
Received Prepare
Registering precompiled user dll's ...
Registered in 0.001098 seconds.
Begin MonoManager ReloadAssembly
Native extension for WindowsStandalone target not found
Native extension for WebGL target not found
Refreshing native plugins compatible for Editor in 0.51 ms, found 1 plugins.
Preloading 0 native plugins for Editor in 0.00 ms.
Invoked RoslynAnalysisRunner static constructor.
RoslynAnalysisRunner will not be running.
RoslynAnalysisRunner has terminated.
Mono: successfully reloaded assembly
- Completed reload, in  1.163 seconds
Platform modules already initialized, skipping
Refreshing native plugins compatible for Editor in 0.52 ms, found 1 plugins.
Preloading 0 native plugins for Editor in 0.00 ms.
Unloading 1798 Unused Serialized files (Serialized files now loaded: 0)
System memory in use before: 84.2 MB.
System memory in use after: 84.3 MB.

Unloading 7 unused Assets to reduce memory usage. Loaded Objects now: 2283.
Total: 2.522600 ms (FindLiveObjects: 0.304600 ms CreateObjectMapping: 0.086900 ms MarkObjects: 2.106200 ms  DeleteObjects: 0.023400 ms)

========================================================================
Received Prepare
Registering precompiled user dll's ...
Registered in 0.000846 seconds.
Begin MonoManager ReloadAssembly
Native extension for WindowsStandalone target not found
Native extension for WebGL target not found
Refreshing native plugins compatible for Editor in 0.49 ms, found 1 plugins.
Preloading 0 native plugins for Editor in 0.00 ms.
Invoked RoslynAnalysisRunner static constructor.
RoslynAnalysisRunner will not be running.
RoslynAnalysisRunner has terminated.
Mono: successfully reloaded assembly
- Completed reload, in  1.068 seconds
Platform modules already initialized, skipping
Refreshing native plugins compatible for Editor in 0.48 ms, found 1 plugins.
Preloading 0 native plugins for Editor in 0.00 ms.
Unloading 1798 Unused Serialized files (Serialized files now loaded: 0)
System memory in use before: 84.2 MB.
System memory in use after: 84.4 MB.

Unloading 7 unused Assets to reduce memory usage. Loaded Objects now: 2287.
Total: 3.745900 ms (FindLiveObjects: 0.275700 ms CreateObjectMapping: 0.140100 ms MarkObjects: 3.289700 ms  DeleteObjects: 0.038200 ms)

========================================================================
Received Import Request.
  Time since last request: 32.070700 seconds.
  path: Assets/Chest.cs
  artifactKey: Guid(5468651a588209748bdb8f691146e169) Importer(815301076,1909f56bfc062723c751e8b465ee728b)
Start importing Assets/Chest.cs using Guid(5468651a588209748bdb8f691146e169) Importer(815301076,1909f56bfc062723c751e8b465ee728b)  -> (artifact id: '81b7d33ebea623767b9448d12170929d') in 0.007229 seconds
  Import took 0.013725 seconds .

========================================================================
Received Prepare
Registering precompiled user dll's ...
Registered in 0.000864 seconds.
Begin MonoManager ReloadAssembly
Native extension for WindowsStandalone target not found
Native extension for WebGL target not found
Refreshing native plugins compatible for Editor in 0.55 ms, found 1 plugins.
Preloading 0 native plugins for Editor in 0.00 ms.
Invoked RoslynAnalysisRunner static constructor.
RoslynAnalysisRunner will not be running.
RoslynAnalysisRunner has terminated.
Mono: successfully reloaded assembly
- Completed reload, in  1.077 seconds
Platform modules already initialized, skipping
Refreshing native plugins compatible for Editor in 0.51 ms, found 1 plugins.
Preloading 0 native plugins for Editor in 0.00 ms.
Unloading 1798 Unused Serialized files (Serialized files now loaded: 0)
System memory in use before: 84.3 MB.
System memory in use after: 84.4 MB.

Unloading 7 unused Assets to reduce memory usage. Loaded Objects now: 2291.
Total: 2.413900 ms (FindLiveObjects: 0.181100 ms CreateObjectMapping: 0.064700 ms MarkObjects: 2.134400 ms  DeleteObjects: 0.032200 ms)

========================================================================
Received Import Request.
  Time since last request: 118.955017 seconds.
  path: Assets/Chest.cs
  artifactKey: Guid(5468651a588209748bdb8f691146e169) Importer(815301076,1909f56bfc062723c751e8b465ee728b)
Start importing Assets/Chest.cs using Guid(5468651a588209748bdb8f691146e169) Importer(815301076,1909f56bfc062723c751e8b465ee728b)  -> (artifact id: '1bf821ce812614b544701f3d34d9be83') in 0.005176 seconds
  Import took 0.008897 seconds .

========================================================================
Received Prepare
Registering precompiled user dll's ...
Registered in 0.000925 seconds.
Begin MonoManager ReloadAssembly
Native extension for WindowsStandalone target not found
Native extension for WebGL target not found
Refreshing native plugins compatible for Editor in 0.50 ms, found 1 plugins.
Preloading 0 native plugins for Editor in 0.00 ms.
Invoked RoslynAnalysisRunner static constructor.
RoslynAnalysisRunner will not be running.
RoslynAnalysisRunner has terminated.
Mono: successfully reloaded assembly
- Completed reload, in  1.133 seconds
Platform modules already initialized, skipping
Refreshing native plugins compatible for Editor in 0.47 ms, found 1 plugins.
Preloading 0 native plugins for Editor in 0.00 ms.
Unloading 1798 Unused Serialized files (Serialized files now loaded: 0)
System memory in use before: 84.3 MB.
System memory in use after: 84.4 MB.

Unloading 7 unused Assets to reduce memory usage. Loaded Objects now: 2295.
Total: 2.136200 ms (FindLiveObjects: 0.173300 ms CreateObjectMapping: 0.064800 ms MarkObjects: 1.879700 ms  DeleteObjects: 0.017100 ms)

========================================================================
Received Prepare
Registering precompiled user dll's ...
Registered in 0.000883 seconds.
Begin MonoManager ReloadAssembly
Native extension for WindowsStandalone target not found
Native extension for WebGL target not found
Refreshing native plugins compatible for Editor in 0.48 ms, found 1 plugins.
Preloading 0 native plugins for Editor in 0.00 ms.
Invoked RoslynAnalysisRunner static constructor.
RoslynAnalysisRunner will not be running.
RoslynAnalysisRunner has terminated.
Mono: successfully reloaded assembly
- Completed reload, in  1.060 seconds
Platform modules already initialized, skipping
Refreshing native plugins compatible for Editor in 0.49 ms, found 1 plugins.
Preloading 0 native plugins for Editor in 0.00 ms.
Unloading 1798 Unused Serialized files (Serialized files now loaded: 0)
System memory in use before: 84.3 MB.
System memory in use after: 84.4 MB.

Unloading 7 unused Assets to reduce memory usage. Loaded Objects now: 2299.
Total: 2.173300 ms (FindLiveObjects: 0.181300 ms CreateObjectMapping: 0.064800 ms MarkObjects: 1.893900 ms  DeleteObjects: 0.031900 ms)

========================================================================
Received Prepare
Registering precompiled user dll's ...
Registered in 0.000768 seconds.
Begin MonoManager ReloadAssembly
Native extension for WindowsStandalone target not found
Native extension for WebGL target not found
Refreshing native plugins compatible for Editor in 0.50 ms, found 1 plugins.
Preloading 0 native plugins for Editor in 0.00 ms.
Invoked RoslynAnalysisRunner static constructor.
RoslynAnalysisRunner will not be running.
RoslynAnalysisRunner has terminated.
Mono: successfully reloaded assembly
- Completed reload, in  1.063 seconds
Platform modules already initialized, skipping
Refreshing native plugins compatible for Editor in 0.50 ms, found 1 plugins.
Preloading 0 native plugins for Editor in 0.00 ms.
Unloading 1798 Unused Serialized files (Serialized files now loaded: 0)
System memory in use before: 84.3 MB.
System memory in use after: 84.4 MB.

Unloading 7 unused Assets to reduce memory usage. Loaded Objects now: 2303.
Total: 3.690600 ms (FindLiveObjects: 0.289700 ms CreateObjectMapping: 0.154700 ms MarkObjects: 3.216400 ms  DeleteObjects: 0.027400 ms)

========================================================================
Received Prepare
Registering precompiled user dll's ...
Registered in 0.000851 seconds.
Begin MonoManager ReloadAssembly
Native extension for WindowsStandalone target not found
Native extension for WebGL target not found
Refreshing native plugins compatible for Editor in 0.49 ms, found 1 plugins.
Preloading 0 native plugins for Editor in 0.00 ms.
Invoked RoslynAnalysisRunner static constructor.
RoslynAnalysisRunner will not be running.
RoslynAnalysisRunner has terminated.
Mono: successfully reloaded assembly
- Completed reload, in  1.065 seconds
Platform modules already initialized, skipping
Refreshing native plugins compatible for Editor in 0.49 ms, found 1 plugins.
Preloading 0 native plugins for Editor in 0.00 ms.
Unloading 1798 Unused Serialized files (Serialized files now loaded: 0)
System memory in use before: 84.3 MB.
System memory in use after: 84.4 MB.

Unloading 7 unused Assets to reduce memory usage. Loaded Objects now: 2307.
Total: 2.232800 ms (FindLiveObjects: 0.229100 ms CreateObjectMapping: 0.068300 ms MarkObjects: 1.916200 ms  DeleteObjects: 0.017700 ms)

========================================================================
Received Import Request.
  Time since last request: 281.509062 seconds.
  path: Assets/Chest.cs
  artifactKey: Guid(5468651a588209748bdb8f691146e169) Importer(815301076,1909f56bfc062723c751e8b465ee728b)
Start importing Assets/Chest.cs using Guid(5468651a588209748bdb8f691146e169) Importer(815301076,1909f56bfc062723c751e8b465ee728b)  -> (artifact id: '7adfd89c3e3a05e4caa45d3477b0126d') in 0.004278 seconds
  Import took 0.007794 seconds .

========================================================================
Received Import Request.
  Time since last request: 0.005830 seconds.
  path: Assets/Chest.cs
  artifactKey: Guid(5468651a588209748bdb8f691146e169) Importer(815301076,1909f56bfc062723c751e8b465ee728b)
Start importing Assets/Chest.cs using Guid(5468651a588209748bdb8f691146e169) Importer(815301076,1909f56bfc062723c751e8b465ee728b)  -> (artifact id: '7adfd89c3e3a05e4caa45d3477b0126d') in 0.001420 seconds
  Import took 0.005022 seconds .

========================================================================
Received Prepare
Registering precompiled user dll's ...
Registered in 0.001271 seconds.
Begin MonoManager ReloadAssembly
Native extension for WindowsStandalone target not found
Native extension for WebGL target not found
Refreshing native plugins compatible for Editor in 0.50 ms, found 1 plugins.
Preloading 0 native plugins for Editor in 0.00 ms.
Invoked RoslynAnalysisRunner static constructor.
RoslynAnalysisRunner will not be running.
RoslynAnalysisRunner has terminated.
Mono: successfully reloaded assembly
- Completed reload, in  1.052 seconds
Platform modules already initialized, skipping
Refreshing native plugins compatible for Editor in 0.49 ms, found 1 plugins.
Preloading 0 native plugins for Editor in 0.00 ms.
Unloading 1798 Unused Serialized files (Serialized files now loaded: 0)
System memory in use before: 84.3 MB.
System memory in use after: 84.4 MB.

Unloading 7 unused Assets to reduce memory usage. Loaded Objects now: 2311.
Total: 2.227100 ms (FindLiveObjects: 0.185500 ms CreateObjectMapping: 0.068100 ms MarkObjects: 1.945200 ms  DeleteObjects: 0.027200 ms)

========================================================================
Received Import Request.
  Time since last request: 56.225249 seconds.
  path: Assets/Chest.cs
  artifactKey: Guid(5468651a588209748bdb8f691146e169) Importer(815301076,1909f56bfc062723c751e8b465ee728b)
Start importing Assets/Chest.cs using Guid(5468651a588209748bdb8f691146e169) Importer(815301076,1909f56bfc062723c751e8b465ee728b)  -> (artifact id: 'fce273e8c9df78a1ea9ac5c1ade97c81') in 0.004253 seconds
  Import took 0.007796 seconds .

========================================================================
Received Import Request.
  Time since last request: 0.006236 seconds.
  path: Assets/Chest.cs
  artifactKey: Guid(5468651a588209748bdb8f691146e169) Importer(815301076,1909f56bfc062723c751e8b465ee728b)
Start importing Assets/Chest.cs using Guid(5468651a588209748bdb8f691146e169) Importer(815301076,1909f56bfc062723c751e8b465ee728b)  -> (artifact id: 'fce273e8c9df78a1ea9ac5c1ade97c81') in 0.001479 seconds
  Import took 0.004906 seconds .

========================================================================
Received Prepare
Registering precompiled user dll's ...
Registered in 0.000862 seconds.
Begin MonoManager ReloadAssembly
Native extension for WindowsStandalone target not found
Native extension for WebGL target not found
Refreshing native plugins compatible for Editor in 0.52 ms, found 1 plugins.
Preloading 0 native plugins for Editor in 0.00 ms.
Invoked RoslynAnalysisRunner static constructor.
RoslynAnalysisRunner will not be running.
RoslynAnalysisRunner has terminated.
Mono: successfully reloaded assembly
- Completed reload, in  1.065 seconds
Platform modules already initialized, skipping
Refreshing native plugins compatible for Editor in 0.50 ms, found 1 plugins.
Preloading 0 native plugins for Editor in 0.00 ms.
Unloading 1798 Unused Serialized files (Serialized files now loaded: 0)
System memory in use before: 84.3 MB.
System memory in use after: 84.4 MB.

Unloading 7 unused Assets to reduce memory usage. Loaded Objects now: 2315.
Total: 2.236000 ms (FindLiveObjects: 0.302000 ms CreateObjectMapping: 0.086600 ms MarkObjects: 1.825200 ms  DeleteObjects: 0.020700 ms)

========================================================================
Received Prepare
Registering precompiled user dll's ...
Registered in 0.000873 seconds.
Begin MonoManager ReloadAssembly
Native extension for WindowsStandalone target not found
Native extension for WebGL target not found
Refreshing native plugins compatible for Editor in 0.49 ms, found 1 plugins.
Preloading 0 native plugins for Editor in 0.00 ms.
Invoked RoslynAnalysisRunner static constructor.
RoslynAnalysisRunner will not be running.
RoslynAnalysisRunner has terminated.
Mono: successfully reloaded assembly
- Completed reload, in  1.039 seconds
Platform modules already initialized, skipping
Refreshing native plugins compatible for Editor in 0.51 ms, found 1 plugins.
Preloading 0 native plugins for Editor in 0.00 ms.
Unloading 1798 Unused Serialized files (Serialized files now loaded: 0)
System memory in use before: 84.3 MB.
System memory in use after: 84.4 MB.

Unloading 7 unused Assets to reduce memory usage. Loaded Objects now: 2319.
Total: 3.324900 ms (FindLiveObjects: 0.336000 ms CreateObjectMapping: 0.091000 ms MarkObjects: 2.865200 ms  DeleteObjects: 0.030300 ms)

========================================================================
Received Prepare
Registering precompiled user dll's ...
Registered in 0.000819 seconds.
Begin MonoManager ReloadAssembly
Native extension for WindowsStandalone target not found
Native extension for WebGL target not found
Refreshing native plugins compatible for Editor in 0.75 ms, found 1 plugins.
Preloading 0 native plugins for Editor in 0.00 ms.
Invoked RoslynAnalysisRunner static constructor.
RoslynAnalysisRunner will not be running.
RoslynAnalysisRunner has terminated.
Mono: successfully reloaded assembly
- Completed reload, in  1.032 seconds
Platform modules already initialized, skipping
Refreshing native plugins compatible for Editor in 0.49 ms, found 1 plugins.
Preloading 0 native plugins for Editor in 0.00 ms.
Unloading 1798 Unused Serialized files (Serialized files now loaded: 0)
System memory in use before: 84.3 MB.
System memory in use after: 84.4 MB.

Unloading 7 unused Assets to reduce memory usage. Loaded Objects now: 2323.
Total: 2.246900 ms (FindLiveObjects: 0.185100 ms CreateObjectMapping: 0.067800 ms MarkObjects: 1.968700 ms  DeleteObjects: 0.023900 ms)

========================================================================
Received Import Request.
  Time since last request: 56.328133 seconds.
  path: Assets/Chest.cs
  artifactKey: Guid(5468651a588209748bdb8f691146e169) Importer(815301076,1909f56bfc062723c751e8b465ee728b)
Start importing Assets/Chest.cs using Guid(5468651a588209748bdb8f691146e169) Importer(815301076,1909f56bfc062723c751e8b465ee728b)  -> (artifact id: '245d36417c3ebd02c7f95e9880a5f646') in 0.004336 seconds
  Import took 0.007787 seconds .

========================================================================
Received Prepare
Registering precompiled user dll's ...
Registered in 0.000918 seconds.
Begin MonoManager ReloadAssembly
Native extension for WindowsStandalone target not found
Native extension for WebGL target not found
Refreshing native plugins compatible for Editor in 0.52 ms, found 1 plugins.
Preloading 0 native plugins for Editor in 0.00 ms.
Invoked RoslynAnalysisRunner static constructor.
RoslynAnalysisRunner will not be running.
RoslynAnalysisRunner has terminated.
Mono: successfully reloaded assembly
- Completed reload, in  1.159 seconds
Platform modules already initialized, skipping
Refreshing native plugins compatible for Editor in 0.52 ms, found 1 plugins.
Preloading 0 native plugins for Editor in 0.00 ms.
Unloading 1798 Unused Serialized files (Serialized files now loaded: 0)
System memory in use before: 84.3 MB.
System memory in use after: 84.4 MB.

Unloading 7 unused Assets to reduce memory usage. Loaded Objects now: 2327.
Total: 2.560200 ms (FindLiveObjects: 0.193500 ms CreateObjectMapping: 0.069200 ms MarkObjects: 2.275200 ms  DeleteObjects: 0.020500 ms)

========================================================================
Received Prepare
Registering precompiled user dll's ...
Registered in 0.000853 seconds.
Begin MonoManager ReloadAssembly
Native extension for WindowsStandalone target not found
Native extension for WebGL target not found
Refreshing native plugins compatible for Editor in 0.53 ms, found 1 plugins.
Preloading 0 native plugins for Editor in 0.00 ms.
Invoked RoslynAnalysisRunner static constructor.
RoslynAnalysisRunner will not be running.
RoslynAnalysisRunner has terminated.
Mono: successfully reloaded assembly
- Completed reload, in  1.119 seconds
Platform modules already initialized, skipping
Refreshing native plugins compatible for Editor in 0.49 ms, found 1 plugins.
Preloading 0 native plugins for Editor in 0.00 ms.
Unloading 1798 Unused Serialized files (Serialized files now loaded: 0)
System memory in use before: 84.3 MB.
System memory in use after: 84.5 MB.

Unloading 7 unused Assets to reduce memory usage. Loaded Objects now: 2331.
Total: 2.399100 ms (FindLiveObjects: 0.217900 ms CreateObjectMapping: 0.083500 ms MarkObjects: 2.078300 ms  DeleteObjects: 0.017800 ms)

========================================================================
Received Import Request.
  Time since last request: 778.350213 seconds.
  path: Assets/Chest.cs
  artifactKey: Guid(5468651a588209748bdb8f691146e169) Importer(815301076,1909f56bfc062723c751e8b465ee728b)
Start importing Assets/Chest.cs using Guid(5468651a588209748bdb8f691146e169) Importer(815301076,1909f56bfc062723c751e8b465ee728b)  -> (artifact id: '7621cd12c4713164a8717e12757a5812') in 0.004325 seconds
  Import took 0.007628 seconds .

========================================================================
Received Prepare
Registering precompiled user dll's ...
Registered in 0.000807 seconds.
Begin MonoManager ReloadAssembly
Native extension for WindowsStandalone target not found
Native extension for WebGL target not found
Refreshing native plugins compatible for Editor in 0.49 ms, found 1 plugins.
Preloading 0 native plugins for Editor in 0.00 ms.
Invoked RoslynAnalysisRunner static constructor.
RoslynAnalysisRunner will not be running.
RoslynAnalysisRunner has terminated.
Mono: successfully reloaded assembly
- Completed reload, in  1.088 seconds
Platform modules already initialized, skipping
Refreshing native plugins compatible for Editor in 0.49 ms, found 1 plugins.
Preloading 0 native plugins for Editor in 0.00 ms.
Unloading 1798 Unused Serialized files (Serialized files now loaded: 0)
System memory in use before: 84.3 MB.
System memory in use after: 84.5 MB.

Unloading 7 unused Assets to reduce memory usage. Loaded Objects now: 2335.
Total: 2.426100 ms (FindLiveObjects: 0.314500 ms CreateObjectMapping: 0.083800 ms MarkObjects: 1.999700 ms  DeleteObjects: 0.026800 ms)

========================================================================
Received Import Request.
  Time since last request: 22.663347 seconds.
  path: Assets/Chest.cs
  artifactKey: Guid(5468651a588209748bdb8f691146e169) Importer(815301076,1909f56bfc062723c751e8b465ee728b)
Start importing Assets/Chest.cs using Guid(5468651a588209748bdb8f691146e169) Importer(815301076,1909f56bfc062723c751e8b465ee728b)  -> (artifact id: '72569f03c36ac7e9f20de862f6946fb8') in 0.005108 seconds
  Import took 0.008750 seconds .

========================================================================
Received Import Request.
  Time since last request: 0.005019 seconds.
  path: Assets/Chest.cs
  artifactKey: Guid(5468651a588209748bdb8f691146e169) Importer(815301076,1909f56bfc062723c751e8b465ee728b)
Start importing Assets/Chest.cs using Guid(5468651a588209748bdb8f691146e169) Importer(815301076,1909f56bfc062723c751e8b465ee728b)  -> (artifact id: '72569f03c36ac7e9f20de862f6946fb8') in 0.001321 seconds
  Import took 0.004751 seconds .

========================================================================
Received Prepare
Registering precompiled user dll's ...
Registered in 0.001254 seconds.
Begin MonoManager ReloadAssembly
Native extension for WindowsStandalone target not found
Native extension for WebGL target not found
Refreshing native plugins compatible for Editor in 0.50 ms, found 1 plugins.
Preloading 0 native plugins for Editor in 0.00 ms.
Invoked RoslynAnalysisRunner static constructor.
RoslynAnalysisRunner will not be running.
RoslynAnalysisRunner has terminated.
Mono: successfully reloaded assembly
- Completed reload, in  1.044 seconds
Platform modules already initialized, skipping
Refreshing native plugins compatible for Editor in 0.49 ms, found 1 plugins.
Preloading 0 native plugins for Editor in 0.00 ms.
Unloading 1798 Unused Serialized files (Serialized files now loaded: 0)
System memory in use before: 84.4 MB.
System memory in use after: 84.5 MB.

Unloading 7 unused Assets to reduce memory usage. Loaded Objects now: 2339.
Total: 2.316400 ms (FindLiveObjects: 0.308900 ms CreateObjectMapping: 0.085400 ms MarkObjects: 1.901600 ms  DeleteObjects: 0.018600 ms)

========================================================================
Received Prepare
Registering precompiled user dll's ...
Registered in 0.000902 seconds.
Begin MonoManager ReloadAssembly
Native extension for WindowsStandalone target not found
Native extension for WebGL target not found
Refreshing native plugins compatible for Editor in 0.42 ms, found 1 plugins.
Preloading 0 native plugins for Editor in 0.00 ms.
Invoked RoslynAnalysisRunner static constructor.
RoslynAnalysisRunner will not be running.
RoslynAnalysisRunner has terminated.
Mono: successfully reloaded assembly
- Completed reload, in  1.121 seconds
Platform modules already initialized, skipping
Refreshing native plugins compatible for Editor in 0.49 ms, found 1 plugins.
Preloading 0 native plugins for Editor in 0.00 ms.
Unloading 1798 Unused Serialized files (Serialized files now loaded: 0)
System memory in use before: 84.4 MB.
System memory in use after: 84.5 MB.

Unloading 7 unused Assets to reduce memory usage. Loaded Objects now: 2343.
Total: 2.152400 ms (FindLiveObjects: 0.209100 ms CreateObjectMapping: 0.065300 ms MarkObjects: 1.852500 ms  DeleteObjects: 0.023800 ms)

========================================================================
Received Prepare
Registering precompiled user dll's ...
Registered in 0.000914 seconds.
Begin MonoManager ReloadAssembly
Native extension for WindowsStandalone target not found
Native extension for WebGL target not found
Refreshing native plugins compatible for Editor in 0.43 ms, found 1 plugins.
Preloading 0 native plugins for Editor in 0.00 ms.
Invoked RoslynAnalysisRunner static constructor.
RoslynAnalysisRunner will not be running.
RoslynAnalysisRunner has terminated.
Mono: successfully reloaded assembly
- Completed reload, in  1.045 seconds
Platform modules already initialized, skipping
Refreshing native plugins compatible for Editor in 0.50 ms, found 1 plugins.
Preloading 0 native plugins for Editor in 0.00 ms.
Unloading 1798 Unused Serialized files (Serialized files now loaded: 0)
System memory in use before: 84.4 MB.
System memory in use after: 84.5 MB.

Unloading 7 unused Assets to reduce memory usage. Loaded Objects now: 2347.
Total: 2.265300 ms (FindLiveObjects: 0.195900 ms CreateObjectMapping: 0.065000 ms MarkObjects: 1.971200 ms  DeleteObjects: 0.031800 ms)

========================================================================
Received Prepare
Registering precompiled user dll's ...
Registered in 0.000847 seconds.
Begin MonoManager ReloadAssembly
Native extension for WindowsStandalone target not found
Native extension for WebGL target not found
Refreshing native plugins compatible for Editor in 0.50 ms, found 1 plugins.
Preloading 0 native plugins for Editor in 0.00 ms.
Invoked RoslynAnalysisRunner static constructor.
RoslynAnalysisRunner will not be running.
RoslynAnalysisRunner has terminated.
Mono: successfully reloaded assembly
- Completed reload, in  1.030 seconds
Platform modules already initialized, skipping
Refreshing native plugins compatible for Editor in 0.51 ms, found 1 plugins.
Preloading 0 native plugins for Editor in 0.00 ms.
Unloading 1798 Unused Serialized files (Serialized files now loaded: 0)
System memory in use before: 84.4 MB.
System memory in use after: 84.5 MB.

Unloading 7 unused Assets to reduce memory usage. Loaded Objects now: 2351.
Total: 2.342400 ms (FindLiveObjects: 0.368400 ms CreateObjectMapping: 0.084500 ms MarkObjects: 1.861000 ms  DeleteObjects: 0.027000 ms)

========================================================================
Received Prepare
Registering precompiled user dll's ...
Registered in 0.000799 seconds.
Begin MonoManager ReloadAssembly
Native extension for WindowsStandalone target not found
Native extension for WebGL target not found
Refreshing native plugins compatible for Editor in 0.50 ms, found 1 plugins.
Preloading 0 native plugins for Editor in 0.00 ms.
Invoked RoslynAnalysisRunner static constructor.
RoslynAnalysisRunner will not be running.
RoslynAnalysisRunner has terminated.
Mono: successfully reloaded assembly
- Completed reload, in  1.035 seconds
Platform modules already initialized, skipping
Refreshing native plugins compatible for Editor in 0.51 ms, found 1 plugins.
Preloading 0 native plugins for Editor in 0.00 ms.
Unloading 1798 Unused Serialized files (Serialized files now loaded: 0)
System memory in use before: 84.4 MB.
System memory in use after: 84.5 MB.

Unloading 7 unused Assets to reduce memory usage. Loaded Objects now: 2355.
Total: 2.329300 ms (FindLiveObjects: 0.295900 ms CreateObjectMapping: 0.078000 ms MarkObjects: 1.923400 ms  DeleteObjects: 0.030500 ms)

========================================================================
Received Prepare
Registering precompiled user dll's ...
Registered in 0.000809 seconds.
Begin MonoManager ReloadAssembly
Native extension for WindowsStandalone target not found
Native extension for WebGL target not found
Refreshing native plugins compatible for Editor in 0.50 ms, found 1 plugins.
Preloading 0 native plugins for Editor in 0.00 ms.
Invoked RoslynAnalysisRunner static constructor.
RoslynAnalysisRunner will not be running.
RoslynAnalysisRunner has terminated.
Mono: successfully reloaded assembly
- Completed reload, in  1.092 seconds
Platform modules already initialized, skipping
Refreshing native plugins compatible for Editor in 0.51 ms, found 1 plugins.
Preloading 0 native plugins for Editor in 0.00 ms.
Unloading 1798 Unused Serialized files (Serialized files now loaded: 0)
System memory in use before: 84.4 MB.
System memory in use after: 84.5 MB.

Unloading 7 unused Assets to reduce memory usage. Loaded Objects now: 2359.
Total: 2.205400 ms (FindLiveObjects: 0.196200 ms CreateObjectMapping: 0.066900 ms MarkObjects: 1.918200 ms  DeleteObjects: 0.022700 ms)

========================================================================
Received Prepare
Registering precompiled user dll's ...
Registered in 0.000792 seconds.
Begin MonoManager ReloadAssembly
Native extension for WindowsStandalone target not found
Native extension for WebGL target not found
Refreshing native plugins compatible for Editor in 0.48 ms, found 1 plugins.
Preloading 0 native plugins for Editor in 0.00 ms.
Invoked RoslynAnalysisRunner static constructor.
RoslynAnalysisRunner will not be running.
RoslynAnalysisRunner has terminated.
Mono: successfully reloaded assembly
- Completed reload, in  1.055 seconds
Platform modules already initialized, skipping
Refreshing native plugins compatible for Editor in 0.50 ms, found 1 plugins.
Preloading 0 native plugins for Editor in 0.00 ms.
Unloading 1798 Unused Serialized files (Serialized files now loaded: 0)
System memory in use before: 84.4 MB.
System memory in use after: 84.5 MB.

Unloading 7 unused Assets to reduce memory usage. Loaded Objects now: 2363.
Total: 2.484700 ms (FindLiveObjects: 0.342100 ms CreateObjectMapping: 0.083600 ms MarkObjects: 2.022900 ms  DeleteObjects: 0.034200 ms)

========================================================================
Received Prepare
Registering precompiled user dll's ...
Registered in 0.000829 seconds.
Begin MonoManager ReloadAssembly
Native extension for WindowsStandalone target not found
Native extension for WebGL target not found
Refreshing native plugins compatible for Editor in 0.53 ms, found 1 plugins.
Preloading 0 native plugins for Editor in 0.00 ms.
Invoked RoslynAnalysisRunner static constructor.
RoslynAnalysisRunner will not be running.
RoslynAnalysisRunner has terminated.
Mono: successfully reloaded assembly
- Completed reload, in  1.071 seconds
Platform modules already initialized, skipping
Refreshing native plugins compatible for Editor in 0.50 ms, found 1 plugins.
Preloading 0 native plugins for Editor in 0.00 ms.
Unloading 1798 Unused Serialized files (Serialized files now loaded: 0)
System memory in use before: 84.4 MB.
System memory in use after: 84.5 MB.

Unloading 7 unused Assets to reduce memory usage. Loaded Objects now: 2367.
Total: 2.074900 ms (FindLiveObjects: 0.188800 ms CreateObjectMapping: 0.067000 ms MarkObjects: 1.789000 ms  DeleteObjects: 0.028400 ms)

========================================================================
Received Prepare
Registering precompiled user dll's ...
Registered in 0.000812 seconds.
Begin MonoManager ReloadAssembly
Native extension for WindowsStandalone target not found
Native extension for WebGL target not found
Refreshing native plugins compatible for Editor in 0.50 ms, found 1 plugins.
Preloading 0 native plugins for Editor in 0.00 ms.
Invoked RoslynAnalysisRunner static constructor.
RoslynAnalysisRunner will not be running.
RoslynAnalysisRunner has terminated.
Mono: successfully reloaded assembly
- Completed reload, in  1.031 seconds
Platform modules already initialized, skipping
Refreshing native plugins compatible for Editor in 0.49 ms, found 1 plugins.
Preloading 0 native plugins for Editor in 0.00 ms.
Unloading 1798 Unused Serialized files (Serialized files now loaded: 0)
System memory in use before: 84.4 MB.
System memory in use after: 84.5 MB.

Unloading 7 unused Assets to reduce memory usage. Loaded Objects now: 2371.
Total: 2.238400 ms (FindLiveObjects: 0.194200 ms CreateObjectMapping: 0.066700 ms MarkObjects: 1.942200 ms  DeleteObjects: 0.034000 ms)

========================================================================
Received Prepare
Registering precompiled user dll's ...
Registered in 0.000809 seconds.
Begin MonoManager ReloadAssembly
Native extension for WindowsStandalone target not found
Native extension for WebGL target not found
Refreshing native plugins compatible for Editor in 0.49 ms, found 1 plugins.
Preloading 0 native plugins for Editor in 0.00 ms.
Invoked RoslynAnalysisRunner static constructor.
RoslynAnalysisRunner will not be running.
RoslynAnalysisRunner has terminated.
Mono: successfully reloaded assembly
- Completed reload, in  1.050 seconds
Platform modules already initialized, skipping
Refreshing native plugins compatible for Editor in 0.50 ms, found 1 plugins.
Preloading 0 native plugins for Editor in 0.00 ms.
Unloading 1798 Unused Serialized files (Serialized files now loaded: 0)
System memory in use before: 84.4 MB.
System memory in use after: 84.5 MB.

Unloading 7 unused Assets to reduce memory usage. Loaded Objects now: 2375.
Total: 2.211900 ms (FindLiveObjects: 0.192100 ms CreateObjectMapping: 0.065200 ms MarkObjects: 1.930900 ms  DeleteObjects: 0.022500 ms)

========================================================================
Received Prepare
Registering precompiled user dll's ...
Registered in 0.000842 seconds.
Begin MonoManager ReloadAssembly
Native extension for WindowsStandalone target not found
Native extension for WebGL target not found
Refreshing native plugins compatible for Editor in 0.48 ms, found 1 plugins.
Preloading 0 native plugins for Editor in 0.00 ms.
Invoked RoslynAnalysisRunner static constructor.
RoslynAnalysisRunner will not be running.
RoslynAnalysisRunner has terminated.
Mono: successfully reloaded assembly
- Completed reload, in  1.032 seconds
Platform modules already initialized, skipping
Refreshing native plugins compatible for Editor in 0.50 ms, found 1 plugins.
Preloading 0 native plugins for Editor in 0.00 ms.
Unloading 1798 Unused Serialized files (Serialized files now loaded: 0)
System memory in use before: 84.5 MB.
System memory in use after: 84.6 MB.

Unloading 7 unused Assets to reduce memory usage. Loaded Objects now: 2379.
Total: 2.195900 ms (FindLiveObjects: 0.194700 ms CreateObjectMapping: 0.066500 ms MarkObjects: 1.905000 ms  DeleteObjects: 0.028200 ms)

========================================================================
Received Prepare
Registering precompiled user dll's ...
Registered in 0.000813 seconds.
Begin MonoManager ReloadAssembly
Native extension for WindowsStandalone target not found
Native extension for WebGL target not found
Refreshing native plugins compatible for Editor in 0.61 ms, found 1 plugins.
Preloading 0 native plugins for Editor in 0.00 ms.
Invoked RoslynAnalysisRunner static constructor.
RoslynAnalysisRunner will not be running.
RoslynAnalysisRunner has terminated.
Mono: successfully reloaded assembly
- Completed reload, in  1.038 seconds
Platform modules already initialized, skipping
Refreshing native plugins compatible for Editor in 0.50 ms, found 1 plugins.
Preloading 0 native plugins for Editor in 0.00 ms.
Unloading 1798 Unused Serialized files (Serialized files now loaded: 0)
System memory in use before: 84.5 MB.
System memory in use after: 84.6 MB.

Unloading 7 unused Assets to reduce memory usage. Loaded Objects now: 2383.
Total: 2.377200 ms (FindLiveObjects: 0.328900 ms CreateObjectMapping: 0.088500 ms MarkObjects: 1.933300 ms  DeleteObjects: 0.024800 ms)

========================================================================
Received Prepare
Registering precompiled user dll's ...
Registered in 0.000947 seconds.
Begin MonoManager ReloadAssembly
Native extension for WindowsStandalone target not found
Native extension for WebGL target not found
Refreshing native plugins compatible for Editor in 0.49 ms, found 1 plugins.
Preloading 0 native plugins for Editor in 0.00 ms.
Invoked RoslynAnalysisRunner static constructor.
RoslynAnalysisRunner will not be running.
RoslynAnalysisRunner has terminated.
Mono: successfully reloaded assembly
- Completed reload, in  1.037 seconds
Platform modules already initialized, skipping
Refreshing native plugins compatible for Editor in 0.53 ms, found 1 plugins.
Preloading 0 native plugins for Editor in 0.00 ms.
Unloading 1798 Unused Serialized files (Serialized files now loaded: 0)
System memory in use before: 84.5 MB.
System memory in use after: 84.6 MB.

Unloading 7 unused Assets to reduce memory usage. Loaded Objects now: 2387.
Total: 2.201100 ms (FindLiveObjects: 0.221200 ms CreateObjectMapping: 0.079800 ms MarkObjects: 1.868300 ms  DeleteObjects: 0.030300 ms)

========================================================================
Received Prepare
Registering precompiled user dll's ...
Registered in 0.000883 seconds.
Begin MonoManager ReloadAssembly
Native extension for WindowsStandalone target not found
Native extension for WebGL target not found
Refreshing native plugins compatible for Editor in 0.45 ms, found 1 plugins.
Preloading 0 native plugins for Editor in 0.00 ms.
Invoked RoslynAnalysisRunner static constructor.
RoslynAnalysisRunner will not be running.
RoslynAnalysisRunner has terminated.
Mono: successfully reloaded assembly
- Completed reload, in  1.021 seconds
Platform modules already initialized, skipping
Refreshing native plugins compatible for Editor in 0.50 ms, found 1 plugins.
Preloading 0 native plugins for Editor in 0.00 ms.
Unloading 1798 Unused Serialized files (Serialized files now loaded: 0)
System memory in use before: 84.5 MB.
System memory in use after: 84.6 MB.

Unloading 7 unused Assets to reduce memory usage. Loaded Objects now: 2391.
Total: 2.310200 ms (FindLiveObjects: 0.315800 ms CreateObjectMapping: 0.088100 ms MarkObjects: 1.878800 ms  DeleteObjects: 0.025700 ms)

========================================================================
Received Prepare
Registering precompiled user dll's ...
Registered in 0.000813 seconds.
Begin MonoManager ReloadAssembly
Native extension for WindowsStandalone target not found
Native extension for WebGL target not found
Refreshing native plugins compatible for Editor in 0.50 ms, found 1 plugins.
Preloading 0 native plugins for Editor in 0.00 ms.
Invoked RoslynAnalysisRunner static constructor.
RoslynAnalysisRunner will not be running.
RoslynAnalysisRunner has terminated.
Mono: successfully reloaded assembly
- Completed reload, in  1.030 seconds
Platform modules already initialized, skipping
Refreshing native plugins compatible for Editor in 0.48 ms, found 1 plugins.
Preloading 0 native plugins for Editor in 0.00 ms.
Unloading 1798 Unused Serialized files (Serialized files now loaded: 0)
System memory in use before: 84.5 MB.
System memory in use after: 84.6 MB.

Unloading 7 unused Assets to reduce memory usage. Loaded Objects now: 2395.
Total: 2.354700 ms (FindLiveObjects: 0.257100 ms CreateObjectMapping: 0.104300 ms MarkObjects: 1.973600 ms  DeleteObjects: 0.018400 ms)

========================================================================
Received Prepare
Registering precompiled user dll's ...
Registered in 0.000798 seconds.
Begin MonoManager ReloadAssembly
Native extension for WindowsStandalone target not found
Native extension for WebGL target not found
Refreshing native plugins compatible for Editor in 0.50 ms, found 1 plugins.
Preloading 0 native plugins for Editor in 0.00 ms.
Invoked RoslynAnalysisRunner static constructor.
RoslynAnalysisRunner will not be running.
RoslynAnalysisRunner has terminated.
Mono: successfully reloaded assembly
- Completed reload, in  1.044 seconds
Platform modules already initialized, skipping
Refreshing native plugins compatible for Editor in 0.49 ms, found 1 plugins.
Preloading 0 native plugins for Editor in 0.00 ms.
Unloading 1798 Unused Serialized files (Serialized files now loaded: 0)
System memory in use before: 84.5 MB.
System memory in use after: 84.6 MB.

Unloading 7 unused Assets to reduce memory usage. Loaded Objects now: 2399.
Total: 2.156200 ms (FindLiveObjects: 0.205500 ms CreateObjectMapping: 0.083400 ms MarkObjects: 1.840100 ms  DeleteObjects: 0.025700 ms)

========================================================================
Received Prepare
Registering precompiled user dll's ...
Registered in 0.000842 seconds.
Begin MonoManager ReloadAssembly
Native extension for WindowsStandalone target not found
Native extension for WebGL target not found
Refreshing native plugins compatible for Editor in 0.50 ms, found 1 plugins.
Preloading 0 native plugins for Editor in 0.00 ms.
Invoked RoslynAnalysisRunner static constructor.
RoslynAnalysisRunner will not be running.
RoslynAnalysisRunner has terminated.
Mono: successfully reloaded assembly
- Completed reload, in  1.039 seconds
Platform modules already initialized, skipping
Refreshing native plugins compatible for Editor in 0.49 ms, found 1 plugins.
Preloading 0 native plugins for Editor in 0.00 ms.
Unloading 1798 Unused Serialized files (Serialized files now loaded: 0)
System memory in use before: 84.5 MB.
System memory in use after: 84.6 MB.

Unloading 7 unused Assets to reduce memory usage. Loaded Objects now: 2403.
Total: 2.121800 ms (FindLiveObjects: 0.192400 ms CreateObjectMapping: 0.067100 ms MarkObjects: 1.833500 ms  DeleteObjects: 0.027400 ms)

========================================================================
Received Prepare
Registering precompiled user dll's ...
Registered in 0.000883 seconds.
Begin MonoManager ReloadAssembly
Native extension for WindowsStandalone target not found
Native extension for WebGL target not found
Refreshing native plugins compatible for Editor in 0.48 ms, found 1 plugins.
Preloading 0 native plugins for Editor in 0.00 ms.
Invoked RoslynAnalysisRunner static constructor.
RoslynAnalysisRunner will not be running.
RoslynAnalysisRunner has terminated.
Mono: successfully reloaded assembly
- Completed reload, in  1.037 seconds
Platform modules already initialized, skipping
Refreshing native plugins compatible for Editor in 0.51 ms, found 1 plugins.
Preloading 0 native plugins for Editor in 0.00 ms.
Unloading 1798 Unused Serialized files (Serialized files now loaded: 0)
System memory in use before: 84.5 MB.
System memory in use after: 84.6 MB.

Unloading 7 unused Assets to reduce memory usage. Loaded Objects now: 2407.
Total: 2.162100 ms (FindLiveObjects: 0.196600 ms CreateObjectMapping: 0.071000 ms MarkObjects: 1.864500 ms  DeleteObjects: 0.028600 ms)

========================================================================
Received Prepare
Registering precompiled user dll's ...
Registered in 0.000894 seconds.
Begin MonoManager ReloadAssembly
Native extension for WindowsStandalone target not found
Native extension for WebGL target not found
Refreshing native plugins compatible for Editor in 0.50 ms, found 1 plugins.
Preloading 0 native plugins for Editor in 0.00 ms.
Invoked RoslynAnalysisRunner static constructor.
RoslynAnalysisRunner will not be running.
RoslynAnalysisRunner has terminated.
Mono: successfully reloaded assembly
- Completed reload, in  1.164 seconds
Platform modules already initialized, skipping
Refreshing native plugins compatible for Editor in 0.52 ms, found 1 plugins.
Preloading 0 native plugins for Editor in 0.00 ms.
Unloading 1798 Unused Serialized files (Serialized files now loaded: 0)
System memory in use before: 84.5 MB.
System memory in use after: 84.6 MB.

Unloading 7 unused Assets to reduce memory usage. Loaded Objects now: 2411.
Total: 2.456300 ms (FindLiveObjects: 0.329600 ms CreateObjectMapping: 0.088600 ms MarkObjects: 2.014600 ms  DeleteObjects: 0.021500 ms)

========================================================================
Received Import Request.
  Time since last request: 504.249073 seconds.
  path: Assets/Chest.cs
  artifactKey: Guid(5468651a588209748bdb8f691146e169) Importer(815301076,1909f56bfc062723c751e8b465ee728b)
Start importing Assets/Chest.cs using Guid(5468651a588209748bdb8f691146e169) Importer(815301076,1909f56bfc062723c751e8b465ee728b)  -> (artifact id: 'b180cf64750cb5a794635efe38787551') in 0.004952 seconds
  Import took 0.008696 seconds .

========================================================================
Received Prepare
Registering precompiled user dll's ...
Registered in 0.000791 seconds.
Begin MonoManager ReloadAssembly
Native extension for WindowsStandalone target not found
Native extension for WebGL target not found
Refreshing native plugins compatible for Editor in 0.50 ms, found 1 plugins.
Preloading 0 native plugins for Editor in 0.00 ms.
Invoked RoslynAnalysisRunner static constructor.
RoslynAnalysisRunner will not be running.
RoslynAnalysisRunner has terminated.
Mono: successfully reloaded assembly
- Completed reload, in  1.024 seconds
Platform modules already initialized, skipping
Refreshing native plugins compatible for Editor in 0.49 ms, found 1 plugins.
Preloading 0 native plugins for Editor in 0.00 ms.
Unloading 1798 Unused Serialized files (Serialized files now loaded: 0)
System memory in use before: 84.5 MB.
System memory in use after: 84.6 MB.

Unloading 7 unused Assets to reduce memory usage. Loaded Objects now: 2415.
Total: 3.732700 ms (FindLiveObjects: 0.274300 ms CreateObjectMapping: 0.129600 ms MarkObjects: 3.294200 ms  DeleteObjects: 0.032600 ms)

========================================================================
Received Import Request.
  Time since last request: 115.728802 seconds.
  path: Assets/Chest.cs
  artifactKey: Guid(5468651a588209748bdb8f691146e169) Importer(815301076,1909f56bfc062723c751e8b465ee728b)
Start importing Assets/Chest.cs using Guid(5468651a588209748bdb8f691146e169) Importer(815301076,1909f56bfc062723c751e8b465ee728b)  -> (artifact id: '2d5d91df9f94ebf82b16da53aba5cf12') in 0.004365 seconds
  Import took 0.008440 seconds .

========================================================================
Received Import Request.
  Time since last request: 0.006102 seconds.
  path: Assets/Chest.cs
  artifactKey: Guid(5468651a588209748bdb8f691146e169) Importer(815301076,1909f56bfc062723c751e8b465ee728b)
Start importing Assets/Chest.cs using Guid(5468651a588209748bdb8f691146e169) Importer(815301076,1909f56bfc062723c751e8b465ee728b)  -> (artifact id: '2d5d91df9f94ebf82b16da53aba5cf12') in 0.001245 seconds
  Import took 0.004582 seconds .

========================================================================
Received Prepare
Registering precompiled user dll's ...
Registered in 0.000815 seconds.
Begin MonoManager ReloadAssembly
Native extension for WindowsStandalone target not found
Native extension for WebGL target not found
Refreshing native plugins compatible for Editor in 0.44 ms, found 1 plugins.
Preloading 0 native plugins for Editor in 0.00 ms.
Invoked RoslynAnalysisRunner static constructor.
RoslynAnalysisRunner will not be running.
RoslynAnalysisRunner has terminated.
Mono: successfully reloaded assembly
- Completed reload, in  1.030 seconds
Platform modules already initialized, skipping
Refreshing native plugins compatible for Editor in 0.49 ms, found 1 plugins.
Preloading 0 native plugins for Editor in 0.00 ms.
Unloading 1798 Unused Serialized files (Serialized files now loaded: 0)
System memory in use before: 84.5 MB.
System memory in use after: 84.7 MB.

Unloading 7 unused Assets to reduce memory usage. Loaded Objects now: 2419.
Total: 2.736200 ms (FindLiveObjects: 0.457000 ms CreateObjectMapping: 0.113600 ms MarkObjects: 2.142600 ms  DeleteObjects: 0.021000 ms)

========================================================================
Received Prepare
Registering precompiled user dll's ...
Registered in 0.000825 seconds.
Begin MonoManager ReloadAssembly
Native extension for WindowsStandalone target not found
Native extension for WebGL target not found
Refreshing native plugins compatible for Editor in 0.50 ms, found 1 plugins.
Preloading 0 native plugins for Editor in 0.00 ms.
Invoked RoslynAnalysisRunner static constructor.
RoslynAnalysisRunner will not be running.
RoslynAnalysisRunner has terminated.
Mono: successfully reloaded assembly
- Completed reload, in  1.082 seconds
Platform modules already initialized, skipping
Refreshing native plugins compatible for Editor in 0.49 ms, found 1 plugins.
Preloading 0 native plugins for Editor in 0.00 ms.
Unloading 1798 Unused Serialized files (Serialized files now loaded: 0)
System memory in use before: 84.5 MB.
System memory in use after: 84.7 MB.

Unloading 7 unused Assets to reduce memory usage. Loaded Objects now: 2423.
Total: 2.208700 ms (FindLiveObjects: 0.284600 ms CreateObjectMapping: 0.067400 ms MarkObjects: 1.838400 ms  DeleteObjects: 0.017000 ms)

========================================================================
Received Prepare
Registering precompiled user dll's ...
Registered in 0.001147 seconds.
Begin MonoManager ReloadAssembly
Native extension for WindowsStandalone target not found
Native extension for WebGL target not found
Refreshing native plugins compatible for Editor in 0.49 ms, found 1 plugins.
Preloading 0 native plugins for Editor in 0.00 ms.
Invoked RoslynAnalysisRunner static constructor.
RoslynAnalysisRunner will not be running.
RoslynAnalysisRunner has terminated.
Mono: successfully reloaded assembly
- Completed reload, in  1.102 seconds
Platform modules already initialized, skipping
Refreshing native plugins compatible for Editor in 0.48 ms, found 1 plugins.
Preloading 0 native plugins for Editor in 0.00 ms.
Unloading 1798 Unused Serialized files (Serialized files now loaded: 0)
System memory in use before: 84.6 MB.
System memory in use after: 84.7 MB.

Unloading 7 unused Assets to reduce memory usage. Loaded Objects now: 2427.
Total: 3.529200 ms (FindLiveObjects: 0.192100 ms CreateObjectMapping: 0.065100 ms MarkObjects: 3.235500 ms  DeleteObjects: 0.034500 ms)

========================================================================
Received Import Request.
  Time since last request: 814.585106 seconds.
  path: Assets/Chest.cs
  artifactKey: Guid(5468651a588209748bdb8f691146e169) Importer(815301076,1909f56bfc062723c751e8b465ee728b)
Start importing Assets/Chest.cs using Guid(5468651a588209748bdb8f691146e169) Importer(815301076,1909f56bfc062723c751e8b465ee728b)  -> (artifact id: 'a8b0372db2a7e4601b30012e3c070138') in 0.007470 seconds
  Import took 0.014019 seconds .

========================================================================
Received Prepare
Registering precompiled user dll's ...
Registered in 0.000875 seconds.
Begin MonoManager ReloadAssembly
Native extension for WindowsStandalone target not found
Native extension for WebGL target not found
Refreshing native plugins compatible for Editor in 0.50 ms, found 1 plugins.
Preloading 0 native plugins for Editor in 0.00 ms.
Invoked RoslynAnalysisRunner static constructor.
RoslynAnalysisRunner will not be running.
RoslynAnalysisRunner has terminated.
Mono: successfully reloaded assembly
- Completed reload, in  1.106 seconds
Platform modules already initialized, skipping
Refreshing native plugins compatible for Editor in 0.85 ms, found 1 plugins.
Preloading 0 native plugins for Editor in 0.00 ms.
Unloading 1798 Unused Serialized files (Serialized files now loaded: 0)
System memory in use before: 84.6 MB.
System memory in use after: 84.7 MB.

Unloading 7 unused Assets to reduce memory usage. Loaded Objects now: 2431.
Total: 2.666300 ms (FindLiveObjects: 0.343200 ms CreateObjectMapping: 0.097500 ms MarkObjects: 2.193200 ms  DeleteObjects: 0.030400 ms)

========================================================================
Received Import Request.
  Time since last request: 170.766836 seconds.
  path: Assets/Chest.cs
  artifactKey: Guid(5468651a588209748bdb8f691146e169) Importer(815301076,1909f56bfc062723c751e8b465ee728b)
Start importing Assets/Chest.cs using Guid(5468651a588209748bdb8f691146e169) Importer(815301076,1909f56bfc062723c751e8b465ee728b)  -> (artifact id: 'cfa6300d28e15b36a17b63b9eadb286d') in 0.004610 seconds
  Import took 0.008266 seconds .

========================================================================
Received Prepare
Registering precompiled user dll's ...
Registered in 0.000948 seconds.
Begin MonoManager ReloadAssembly
Native extension for WindowsStandalone target not found
Native extension for WebGL target not found
Refreshing native plugins compatible for Editor in 0.49 ms, found 1 plugins.
Preloading 0 native plugins for Editor in 0.00 ms.
Invoked RoslynAnalysisRunner static constructor.
RoslynAnalysisRunner will not be running.
RoslynAnalysisRunner has terminated.
Mono: successfully reloaded assembly
- Completed reload, in  1.112 seconds
Platform modules already initialized, skipping
Refreshing native plugins compatible for Editor in 0.48 ms, found 1 plugins.
Preloading 0 native plugins for Editor in 0.00 ms.
Unloading 1798 Unused Serialized files (Serialized files now loaded: 0)
System memory in use before: 84.6 MB.
System memory in use after: 84.7 MB.

Unloading 7 unused Assets to reduce memory usage. Loaded Objects now: 2435.
Total: 2.369500 ms (FindLiveObjects: 0.199100 ms CreateObjectMapping: 0.064400 ms MarkObjects: 2.085100 ms  DeleteObjects: 0.019700 ms)

AssetImportWorkerClient::OnTransportError - code=2 error=End of file
